This is pdfTeX, Version 3.14159265-2.6-1.40.20 (TeX Live 2019) (preloaded format=pdflatex 2020.1.17)  18 JAN 2020 17:38
entering extended mode
 restricted \write18 enabled.
 file:line:error style messages enabled.
 %&-line parsing enabled.
**part1.tex
(./part1.tex
LaTeX2e <2019-10-01> patch level 3
./part1.tex:1: Undefined control sequence.
l.1 \chapter
            {–û—Å–Ω–æ–≤–Ω—ã–µ –ø–æ–Ω—è—Ç–∏—è} \label{chap1}
? s
OK, entering \scrollmode...

./part1.tex:1: Package inputenc Error: Unicode character –û (U+041E)
(inputenc)                not set up for use with LaTeX.

See the inputenc package documentation for explanation.
Type  H <return>  for immediate help.
 ...                                              
                                                  
l.1 \chapter{–û
               —Å–Ω–æ–≤–Ω—ã–µ –ø–æ–Ω—è—Ç–∏—è} \label{chap1}
You may provide a definition with
\DeclareUnicodeCharacter 


./part1.tex:1: Package inputenc Error: Unicode character —Å (U+0441)
(inputenc)                not set up for use with LaTeX.

See the inputenc package documentation for explanation.
Type  H <return>  for immediate help.
 ...                                              
                                                  
l.1 \chapter{–û—Å
                 –Ω–æ–≤–Ω—ã–µ –ø–æ–Ω—è—Ç–∏—è} \label{chap1}
You may provide a definition with
\DeclareUnicodeCharacter 


./part1.tex:1: Package inputenc Error: Unicode character –Ω (U+043D)
(inputenc)                not set up for use with LaTeX.

See the inputenc package documentation for explanation.
Type  H <return>  for immediate help.
 ...                                              
                                                  
l.1 \chapter{–û—Å–Ω
                   –æ–≤–Ω—ã–µ –ø–æ–Ω—è—Ç–∏—è} \label{chap1}
You may provide a definition with
\DeclareUnicodeCharacter 


./part1.tex:1: Package inputenc Error: Unicode character –æ (U+043E)
(inputenc)                not set up for use with LaTeX.

See the inputenc package documentation for explanation.
Type  H <return>  for immediate help.
 ...                                              
                                                  
l.1 \chapter{–û—Å–Ω–æ
                     –≤–Ω—ã–µ –ø–æ–Ω—è—Ç–∏—è} \label{chap1}
You may provide a definition with
\DeclareUnicodeCharacter 


./part1.tex:1: Package inputenc Error: Unicode character –≤ (U+0432)
(inputenc)                not set up for use with LaTeX.

See the inputenc package documentation for explanation.
Type  H <return>  for immediate help.
 ...                                              
                                                  
l.1 \chapter{–û—Å–Ω–æ–≤
                       –Ω—ã–µ –ø–æ–Ω—è—Ç–∏—è} \label{chap1}
You may provide a definition with
\DeclareUnicodeCharacter 


./part1.tex:1: Package inputenc Error: Unicode character –Ω (U+043D)
(inputenc)                not set up for use with LaTeX.

See the inputenc package documentation for explanation.
Type  H <return>  for immediate help.
 ...                                              
                                                  
l.1 \chapter{–û—Å–Ω–æ–≤–Ω
                         —ã–µ –ø–æ–Ω—è—Ç–∏—è} \label{chap1}
You may provide a definition with
\DeclareUnicodeCharacter 


./part1.tex:1: Package inputenc Error: Unicode character —ã (U+044B)
(inputenc)                not set up for use with LaTeX.

See the inputenc package documentation for explanation.
Type  H <return>  for immediate help.
 ...                                              
                                                  
l.1 \chapter{–û—Å–Ω–æ–≤–Ω—ã
                           –µ –ø–æ–Ω—è—Ç–∏—è} \label{chap1}
You may provide a definition with
\DeclareUnicodeCharacter 


./part1.tex:1: Package inputenc Error: Unicode character –µ (U+0435)
(inputenc)                not set up for use with LaTeX.

See the inputenc package documentation for explanation.
Type  H <return>  for immediate help.
 ...                                              
                                                  
l.1 \chapter{–û—Å–Ω–æ–≤–Ω—ã–µ
                              –ø–æ–Ω—è—Ç–∏—è} \label{chap1}
You may provide a definition with
\DeclareUnicodeCharacter 


./part1.tex:1: Package inputenc Error: Unicode character –ø (U+043F)
(inputenc)                not set up for use with LaTeX.

See the inputenc package documentation for explanation.
Type  H <return>  for immediate help.
 ...                                              
                                                  
l.1 \chapter{–û—Å–Ω–æ–≤–Ω—ã–µ –ø
                                –æ–Ω—è—Ç–∏—è} \label{chap1}
You may provide a definition with
\DeclareUnicodeCharacter 


./part1.tex:1: Package inputenc Error: Unicode character –æ (U+043E)
(inputenc)                not set up for use with LaTeX.

See the inputenc package documentation for explanation.
Type  H <return>  for immediate help.
 ...                                              
                                                  
l.1 \chapter{–û—Å–Ω–æ–≤–Ω—ã–µ –ø–æ
                                  –Ω—è—Ç–∏—è} \label{chap1}
You may provide a definition with
\DeclareUnicodeCharacter 


./part1.tex:1: Package inputenc Error: Unicode character –Ω (U+043D)
(inputenc)                not set up for use with LaTeX.

See the inputenc package documentation for explanation.
Type  H <return>  for immediate help.
 ...                                              
                                                  
l.1 \chapter{–û—Å–Ω–æ–≤–Ω—ã–µ –ø–æ–Ω
                                    —è—Ç–∏—è} \label{chap1}
You may provide a definition with
\DeclareUnicodeCharacter 


./part1.tex:1: Package inputenc Error: Unicode character —è (U+044F)
(inputenc)                not set up for use with LaTeX.

See the inputenc package documentation for explanation.
Type  H <return>  for immediate help.
 ...                                              
                                                  
l.1 \chapter{–û—Å–Ω–æ–≤–Ω—ã–µ –ø–æ–Ω—è
                                      —Ç–∏—è} \label{chap1}
You may provide a definition with
\DeclareUnicodeCharacter 


./part1.tex:1: Package inputenc Error: Unicode character —Ç (U+0442)
(inputenc)                not set up for use with LaTeX.

See the inputenc package documentation for explanation.
Type  H <return>  for immediate help.
 ...                                              
                                                  
l.1 \chapter{–û—Å–Ω–æ–≤–Ω—ã–µ –ø–æ–Ω—è—Ç
                                        –∏—è} \label{chap1}
You may provide a definition with
\DeclareUnicodeCharacter 


./part1.tex:1: Package inputenc Error: Unicode character –∏ (U+0438)
(inputenc)                not set up for use with LaTeX.

See the inputenc package documentation for explanation.
Type  H <return>  for immediate help.
 ...                                              
                                                  
l.1 \chapter{–û—Å–Ω–æ–≤–Ω—ã–µ –ø–æ–Ω—è—Ç–∏
                                          —è} \label{chap1}
You may provide a definition with
\DeclareUnicodeCharacter 


./part1.tex:1: Package inputenc Error: Unicode character —è (U+044F)
(inputenc)                not set up for use with LaTeX.

See the inputenc package documentation for explanation.
Type  H <return>  for immediate help.
 ...                                              
                                                  
l.1 \chapter{–û—Å–Ω–æ–≤–Ω—ã–µ –ø–æ–Ω—è—Ç–∏—è
                                            } \label{chap1}
You may provide a definition with
\DeclareUnicodeCharacter 

./part1.tex:3: Undefined control sequence.
l.3 \section
            {–§–æ—Ä–º–∞—Ç–∏—Ä–æ–≤–∞–Ω–∏–µ —Ç–µ–∫—Å—Ç–∞} \label{sect1_1}
The control sequence at the end of the top line
of your error message was never \def'ed. If you have
misspelled it (e.g., `\hobx'), type `I' and the correct
spelling (e.g., `I\hbox'). Otherwise just continue,
and I'll forget about whatever was undefined.


./part1.tex:3: Package inputenc Error: Unicode character –§ (U+0424)
(inputenc)                not set up for use with LaTeX.

See the inputenc package documentation for explanation.
Type  H <return>  for immediate help.
 ...                                              
                                                  
l.3 \section{–§
               –æ—Ä–º–∞—Ç–∏—Ä–æ–≤–∞–Ω–∏–µ —Ç–µ–∫—Å—Ç–∞} \label{sect1_1}
You may provide a definition with
\DeclareUnicodeCharacter 


./part1.tex:3: Package inputenc Error: Unicode character –æ (U+043E)
(inputenc)                not set up for use with LaTeX.

See the inputenc package documentation for explanation.
Type  H <return>  for immediate help.
 ...                                              
                                                  
l.3 \section{–§–æ
                 —Ä–º–∞—Ç–∏—Ä–æ–≤–∞–Ω–∏–µ —Ç–µ–∫—Å—Ç–∞} \label{sect1_1}
You may provide a definition with
\DeclareUnicodeCharacter 


./part1.tex:3: Package inputenc Error: Unicode character —Ä (U+0440)
(inputenc)                not set up for use with LaTeX.

See the inputenc package documentation for explanation.
Type  H <return>  for immediate help.
 ...                                              
                                                  
l.3 \section{–§–æ—Ä
                   –º–∞—Ç–∏—Ä–æ–≤–∞–Ω–∏–µ —Ç–µ–∫—Å—Ç–∞} \label{sect1_1}
You may provide a definition with
\DeclareUnicodeCharacter 


./part1.tex:3: Package inputenc Error: Unicode character –º (U+043C)
(inputenc)                not set up for use with LaTeX.

See the inputenc package documentation for explanation.
Type  H <return>  for immediate help.
 ...                                              
                                                  
l.3 \section{–§–æ—Ä–º
                     –∞—Ç–∏—Ä–æ–≤–∞–Ω–∏–µ —Ç–µ–∫—Å—Ç–∞} \label{sect1_1}
You may provide a definition with
\DeclareUnicodeCharacter 


./part1.tex:3: Package inputenc Error: Unicode character –∞ (U+0430)
(inputenc)                not set up for use with LaTeX.

See the inputenc package documentation for explanation.
Type  H <return>  for immediate help.
 ...                                              
                                                  
l.3 \section{–§–æ—Ä–º–∞
                       —Ç–∏—Ä–æ–≤–∞–Ω–∏–µ —Ç–µ–∫—Å—Ç–∞} \label{sect1_1}
You may provide a definition with
\DeclareUnicodeCharacter 


./part1.tex:3: Package inputenc Error: Unicode character —Ç (U+0442)
(inputenc)                not set up for use with LaTeX.

See the inputenc package documentation for explanation.
Type  H <return>  for immediate help.
 ...                                              
                                                  
l.3 \section{–§–æ—Ä–º–∞—Ç
                         –∏—Ä–æ–≤–∞–Ω–∏–µ —Ç–µ–∫—Å—Ç–∞} \label{sect1_1}
You may provide a definition with
\DeclareUnicodeCharacter 


./part1.tex:3: Package inputenc Error: Unicode character –∏ (U+0438)
(inputenc)                not set up for use with LaTeX.

See the inputenc package documentation for explanation.
Type  H <return>  for immediate help.
 ...                                              
                                                  
l.3 \section{–§–æ—Ä–º–∞—Ç–∏
                           —Ä–æ–≤–∞–Ω–∏–µ —Ç–µ–∫—Å—Ç–∞} \label{sect1_1}
You may provide a definition with
\DeclareUnicodeCharacter 


./part1.tex:3: Package inputenc Error: Unicode character —Ä (U+0440)
(inputenc)                not set up for use with LaTeX.

See the inputenc package documentation for explanation.
Type  H <return>  for immediate help.
 ...                                              
                                                  
l.3 \section{–§–æ—Ä–º–∞—Ç–∏—Ä
                             –æ–≤–∞–Ω–∏–µ —Ç–µ–∫—Å—Ç–∞} \label{sect1_1}
You may provide a definition with
\DeclareUnicodeCharacter 


./part1.tex:3: Package inputenc Error: Unicode character –æ (U+043E)
(inputenc)                not set up for use with LaTeX.

See the inputenc package documentation for explanation.
Type  H <return>  for immediate help.
 ...                                              
                                                  
l.3 \section{–§–æ—Ä–º–∞—Ç–∏—Ä–æ
                               –≤–∞–Ω–∏–µ —Ç–µ–∫—Å—Ç–∞} \label{sect1_1}
You may provide a definition with
\DeclareUnicodeCharacter 


./part1.tex:3: Package inputenc Error: Unicode character –≤ (U+0432)
(inputenc)                not set up for use with LaTeX.

See the inputenc package documentation for explanation.
Type  H <return>  for immediate help.
 ...                                              
                                                  
l.3 \section{–§–æ—Ä–º–∞—Ç–∏—Ä–æ–≤
                                 –∞–Ω–∏–µ —Ç–µ–∫—Å—Ç–∞} \label{sect1_1}
You may provide a definition with
\DeclareUnicodeCharacter 


./part1.tex:3: Package inputenc Error: Unicode character –∞ (U+0430)
(inputenc)                not set up for use with LaTeX.

See the inputenc package documentation for explanation.
Type  H <return>  for immediate help.
 ...                                              
                                                  
l.3 \section{–§–æ—Ä–º–∞—Ç–∏—Ä–æ–≤–∞
                                   –Ω–∏–µ —Ç–µ–∫—Å—Ç–∞} \label{sect1_1}
You may provide a definition with
\DeclareUnicodeCharacter 


./part1.tex:3: Package inputenc Error: Unicode character –Ω (U+043D)
(inputenc)                not set up for use with LaTeX.

See the inputenc package documentation for explanation.
Type  H <return>  for immediate help.
 ...                                              
                                                  
l.3 \section{–§–æ—Ä–º–∞—Ç–∏—Ä–æ–≤–∞–Ω
                                     –∏–µ —Ç–µ–∫—Å—Ç–∞} \label{sect1_1}
You may provide a definition with
\DeclareUnicodeCharacter 


./part1.tex:3: Package inputenc Error: Unicode character –∏ (U+0438)
(inputenc)                not set up for use with LaTeX.

See the inputenc package documentation for explanation.
Type  H <return>  for immediate help.
 ...                                              
                                                  
l.3 \section{–§–æ—Ä–º–∞—Ç–∏—Ä–æ–≤–∞–Ω–∏
                                       –µ —Ç–µ–∫—Å—Ç–∞} \label{sect1_1}
You may provide a definition with
\DeclareUnicodeCharacter 


./part1.tex:3: Package inputenc Error: Unicode character –µ (U+0435)
(inputenc)                not set up for use with LaTeX.

See the inputenc package documentation for explanation.
Type  H <return>  for immediate help.
 ...                                              
                                                  
l.3 \section{–§–æ—Ä–º–∞—Ç–∏—Ä–æ–≤–∞–Ω–∏–µ
                                          —Ç–µ–∫—Å—Ç–∞} \label{sect1_1}
You may provide a definition with
\DeclareUnicodeCharacter 


./part1.tex:3: Package inputenc Error: Unicode character —Ç (U+0442)
(inputenc)                not set up for use with LaTeX.

See the inputenc package documentation for explanation.
Type  H <return>  for immediate help.
 ...                                              
                                                  
l.3 \section{–§–æ—Ä–º–∞—Ç–∏—Ä–æ–≤–∞–Ω–∏–µ —Ç
                                            –µ–∫—Å—Ç–∞} \label{sect1_1}
You may provide a definition with
\DeclareUnicodeCharacter 


./part1.tex:3: Package inputenc Error: Unicode character –µ (U+0435)
(inputenc)                not set up for use with LaTeX.

See the inputenc package documentation for explanation.
Type  H <return>  for immediate help.
 ...                                              
                                                  
l.3 \section{–§–æ—Ä–º–∞—Ç–∏—Ä–æ–≤–∞–Ω–∏–µ —Ç–µ
                                              –∫—Å—Ç–∞} \label{sect1_1}
You may provide a definition with
\DeclareUnicodeCharacter 


./part1.tex:3: Package inputenc Error: Unicode character –∫ (U+043A)
(inputenc)                not set up for use with LaTeX.

See the inputenc package documentation for explanation.
Type  H <return>  for immediate help.
 ...                                              
                                                  
l.3 \section{–§–æ—Ä–º–∞—Ç–∏—Ä–æ–≤–∞–Ω–∏–µ —Ç–µ–∫
                                                —Å—Ç–∞} \label{sect1_1}
You may provide a definition with
\DeclareUnicodeCharacter 


./part1.tex:3: Package inputenc Error: Unicode character —Å (U+0441)
(inputenc)                not set up for use with LaTeX.

See the inputenc package documentation for explanation.
Type  H <return>  for immediate help.
 ...                                              
                                                  
l.3 \section{–§–æ—Ä–º–∞—Ç–∏—Ä–æ–≤–∞–Ω–∏–µ —Ç–µ–∫—Å
                                                  —Ç–∞} \label{sect1_1}
You may provide a definition with
\DeclareUnicodeCharacter 


./part1.tex:3: Package inputenc Error: Unicode character —Ç (U+0442)
(inputenc)                not set up for use with LaTeX.

See the inputenc package documentation for explanation.
Type  H <return>  for immediate help.
 ...                                              
                                                  
l.3 ...ion{–§–æ—Ä–º–∞—Ç–∏—Ä–æ–≤–∞–Ω–∏–µ —Ç–µ–∫—Å—Ç
                                                  –∞} \label{sect1_1}
You may provide a definition with
\DeclareUnicodeCharacter 


./part1.tex:3: Package inputenc Error: Unicode character –∞ (U+0430)
(inputenc)                not set up for use with LaTeX.

See the inputenc package documentation for explanation.
Type  H <return>  for immediate help.
 ...                                              
                                                  
l.3 ...n{–§–æ—Ä–º–∞—Ç–∏—Ä–æ–≤–∞–Ω–∏–µ —Ç–µ–∫—Å—Ç–∞
                                                  } \label{sect1_1}
You may provide a definition with
\DeclareUnicodeCharacter 


./part1.tex:5: Package inputenc Error: Unicode character –ú (U+041C)
(inputenc)                not set up for use with LaTeX.

See the inputenc package documentation for explanation.
Type  H <return>  for immediate help.
 ...                                              
                                                  
l.5 –ú
      —ã –º–æ–∂–µ–º —Å–¥–µ–ª–∞—Ç—å \textbf{–∂–∏—Ä–Ω—ã–π —Ç–µ–∫—Å—Ç} –∏ \text...

You may provide a definition with
\DeclareUnicodeCharacter 


./part1.tex:5: Package inputenc Error: Unicode character —ã (U+044B)
(inputenc)                not set up for use with LaTeX.

See the inputenc package documentation for explanation.
Type  H <return>  for immediate help.
 ...                                              
                                                  
l.5 –ú—ã
         –º–æ–∂–µ–º —Å–¥–µ–ª–∞—Ç—å \textbf{–∂–∏—Ä–Ω—ã–π —Ç–µ–∫—Å—Ç} –∏ \text...

You may provide a definition with
\DeclareUnicodeCharacter 


./part1.tex:5: Package inputenc Error: Unicode character –º (U+043C)
(inputenc)                not set up for use with LaTeX.

See the inputenc package documentation for explanation.
Type  H <return>  for immediate help.
 ...                                              
                                                  
l.5 –ú—ã –º
           –æ–∂–µ–º —Å–¥–µ–ª–∞—Ç—å \textbf{–∂–∏—Ä–Ω—ã–π —Ç–µ–∫—Å—Ç} –∏ \text...

You may provide a definition with
\DeclareUnicodeCharacter 


./part1.tex:5: Package inputenc Error: Unicode character –æ (U+043E)
(inputenc)                not set up for use with LaTeX.

See the inputenc package documentation for explanation.
Type  H <return>  for immediate help.
 ...                                              
                                                  
l.5 –ú—ã –º–æ
             –∂–µ–º —Å–¥–µ–ª–∞—Ç—å \textbf{–∂–∏—Ä–Ω—ã–π —Ç–µ–∫—Å—Ç} –∏ \text...

You may provide a definition with
\DeclareUnicodeCharacter 


./part1.tex:5: Package inputenc Error: Unicode character –∂ (U+0436)
(inputenc)                not set up for use with LaTeX.

See the inputenc package documentation for explanation.
Type  H <return>  for immediate help.
 ...                                              
                                                  
l.5 –ú—ã –º–æ–∂
               –µ–º —Å–¥–µ–ª–∞—Ç—å \textbf{–∂–∏—Ä–Ω—ã–π —Ç–µ–∫—Å—Ç} –∏ \text...

You may provide a definition with
\DeclareUnicodeCharacter 


./part1.tex:5: Package inputenc Error: Unicode character –µ (U+0435)
(inputenc)                not set up for use with LaTeX.

See the inputenc package documentation for explanation.
Type  H <return>  for immediate help.
 ...                                              
                                                  
l.5 –ú—ã –º–æ–∂–µ
                 –º —Å–¥–µ–ª–∞—Ç—å \textbf{–∂–∏—Ä–Ω—ã–π —Ç–µ–∫—Å—Ç} –∏ \text...

You may provide a definition with
\DeclareUnicodeCharacter 


./part1.tex:5: Package inputenc Error: Unicode character –º (U+043C)
(inputenc)                not set up for use with LaTeX.

See the inputenc package documentation for explanation.
Type  H <return>  for immediate help.
 ...                                              
                                                  
l.5 –ú—ã –º–æ–∂–µ–º
                    —Å–¥–µ–ª–∞—Ç—å \textbf{–∂–∏—Ä–Ω—ã–π —Ç–µ–∫—Å—Ç} –∏ \text...

You may provide a definition with
\DeclareUnicodeCharacter 


./part1.tex:5: Package inputenc Error: Unicode character —Å (U+0441)
(inputenc)                not set up for use with LaTeX.

See the inputenc package documentation for explanation.
Type  H <return>  for immediate help.
 ...                                              
                                                  
l.5 –ú—ã –º–æ–∂–µ–º —Å
                      –¥–µ–ª–∞—Ç—å \textbf{–∂–∏—Ä–Ω—ã–π —Ç–µ–∫—Å—Ç} –∏ \text...

You may provide a definition with
\DeclareUnicodeCharacter 


./part1.tex:5: Package inputenc Error: Unicode character –¥ (U+0434)
(inputenc)                not set up for use with LaTeX.

See the inputenc package documentation for explanation.
Type  H <return>  for immediate help.
 ...                                              
                                                  
l.5 –ú—ã –º–æ–∂–µ–º —Å–¥
                        –µ–ª–∞—Ç—å \textbf{–∂–∏—Ä–Ω—ã–π —Ç–µ–∫—Å—Ç} –∏ \text...

You may provide a definition with
\DeclareUnicodeCharacter 


./part1.tex:5: Package inputenc Error: Unicode character –µ (U+0435)
(inputenc)                not set up for use with LaTeX.

See the inputenc package documentation for explanation.
Type  H <return>  for immediate help.
 ...                                              
                                                  
l.5 –ú—ã –º–æ–∂–µ–º —Å–¥–µ
                          –ª–∞—Ç—å \textbf{–∂–∏—Ä–Ω—ã–π —Ç–µ–∫—Å—Ç} –∏ \text...

You may provide a definition with
\DeclareUnicodeCharacter 


./part1.tex:5: Package inputenc Error: Unicode character –ª (U+043B)
(inputenc)                not set up for use with LaTeX.

See the inputenc package documentation for explanation.
Type  H <return>  for immediate help.
 ...                                              
                                                  
l.5 –ú—ã –º–æ–∂–µ–º —Å–¥–µ–ª
                            –∞—Ç—å \textbf{–∂–∏—Ä–Ω—ã–π —Ç–µ–∫—Å—Ç} –∏ \text...

You may provide a definition with
\DeclareUnicodeCharacter 


./part1.tex:5: Package inputenc Error: Unicode character –∞ (U+0430)
(inputenc)                not set up for use with LaTeX.

See the inputenc package documentation for explanation.
Type  H <return>  for immediate help.
 ...                                              
                                                  
l.5 –ú—ã –º–æ–∂–µ–º —Å–¥–µ–ª–∞
                              —Ç—å \textbf{–∂–∏—Ä–Ω—ã–π —Ç–µ–∫—Å—Ç} –∏ \text...

You may provide a definition with
\DeclareUnicodeCharacter 


./part1.tex:5: Package inputenc Error: Unicode character —Ç (U+0442)
(inputenc)                not set up for use with LaTeX.

See the inputenc package documentation for explanation.
Type  H <return>  for immediate help.
 ...                                              
                                                  
l.5 –ú—ã –º–æ–∂–µ–º —Å–¥–µ–ª–∞—Ç
                                —å \textbf{–∂–∏—Ä–Ω—ã–π —Ç–µ–∫—Å—Ç} –∏ \text...

You may provide a definition with
\DeclareUnicodeCharacter 


./part1.tex:5: Package inputenc Error: Unicode character —å (U+044C)
(inputenc)                not set up for use with LaTeX.

See the inputenc package documentation for explanation.
Type  H <return>  for immediate help.
 ...                                              
                                                  
l.5 –ú—ã –º–æ–∂–µ–º —Å–¥–µ–ª–∞—Ç—å
                                   \textbf{–∂–∏—Ä–Ω—ã–π —Ç–µ–∫—Å—Ç} –∏ \text...

You may provide a definition with
\DeclareUnicodeCharacter 


./part1.tex:5: LaTeX Error: Missing \begin{document}.

See the LaTeX manual or LaTeX Companion for explanation.
Type  H <return>  for immediate help.
 ...                                              
                                                  
l.5 ...–µ–ª–∞—Ç—å \textbf{–∂–∏—Ä–Ω—ã–π —Ç–µ–∫—Å—Ç}
                                                   –∏ \textit{–∫—É—Ä—Å–∏–≤}.
You're in trouble here.  Try typing  <return>  to proceed.
If that doesn't work, type  X <return>  to quit.


./part1.tex:5: Package inputenc Error: Unicode character –∂ (U+0436)
(inputenc)                not set up for use with LaTeX.

See the inputenc package documentation for explanation.
Type  H <return>  for immediate help.
 ...                                              
                                                  
l.5 ...–µ–ª–∞—Ç—å \textbf{–∂–∏—Ä–Ω—ã–π —Ç–µ–∫—Å—Ç}
                                                   –∏ \textit{–∫—É—Ä—Å–∏–≤}.
You may provide a definition with
\DeclareUnicodeCharacter 


./part1.tex:5: Package inputenc Error: Unicode character –∏ (U+0438)
(inputenc)                not set up for use with LaTeX.

See the inputenc package documentation for explanation.
Type  H <return>  for immediate help.
 ...                                              
                                                  
l.5 ...–µ–ª–∞—Ç—å \textbf{–∂–∏—Ä–Ω—ã–π —Ç–µ–∫—Å—Ç}
                                                   –∏ \textit{–∫—É—Ä—Å–∏–≤}.
You may provide a definition with
\DeclareUnicodeCharacter 


./part1.tex:5: Package inputenc Error: Unicode character —Ä (U+0440)
(inputenc)                not set up for use with LaTeX.

See the inputenc package documentation for explanation.
Type  H <return>  for immediate help.
 ...                                              
                                                  
l.5 ...–µ–ª–∞—Ç—å \textbf{–∂–∏—Ä–Ω—ã–π —Ç–µ–∫—Å—Ç}
                                                   –∏ \textit{–∫—É—Ä—Å–∏–≤}.
You may provide a definition with
\DeclareUnicodeCharacter 


./part1.tex:5: Package inputenc Error: Unicode character –Ω (U+043D)
(inputenc)                not set up for use with LaTeX.

See the inputenc package documentation for explanation.
Type  H <return>  for immediate help.
 ...                                              
                                                  
l.5 ...–µ–ª–∞—Ç—å \textbf{–∂–∏—Ä–Ω—ã–π —Ç–µ–∫—Å—Ç}
                                                   –∏ \textit{–∫—É—Ä—Å–∏–≤}.
You may provide a definition with
\DeclareUnicodeCharacter 


./part1.tex:5: Package inputenc Error: Unicode character —ã (U+044B)
(inputenc)                not set up for use with LaTeX.

See the inputenc package documentation for explanation.
Type  H <return>  for immediate help.
 ...                                              
                                                  
l.5 ...–µ–ª–∞—Ç—å \textbf{–∂–∏—Ä–Ω—ã–π —Ç–µ–∫—Å—Ç}
                                                   –∏ \textit{–∫—É—Ä—Å–∏–≤}.
You may provide a definition with
\DeclareUnicodeCharacter 


./part1.tex:5: Package inputenc Error: Unicode character –π (U+0439)
(inputenc)                not set up for use with LaTeX.

See the inputenc package documentation for explanation.
Type  H <return>  for immediate help.
 ...                                              
                                                  
l.5 ...–µ–ª–∞—Ç—å \textbf{–∂–∏—Ä–Ω—ã–π —Ç–µ–∫—Å—Ç}
                                                   –∏ \textit{–∫—É—Ä—Å–∏–≤}.
You may provide a definition with
\DeclareUnicodeCharacter 


./part1.tex:5: Package inputenc Error: Unicode character —Ç (U+0442)
(inputenc)                not set up for use with LaTeX.

See the inputenc package documentation for explanation.
Type  H <return>  for immediate help.
 ...                                              
                                                  
l.5 ...–µ–ª–∞—Ç—å \textbf{–∂–∏—Ä–Ω—ã–π —Ç–µ–∫—Å—Ç}
                                                   –∏ \textit{–∫—É—Ä—Å–∏–≤}.
You may provide a definition with
\DeclareUnicodeCharacter 


./part1.tex:5: Package inputenc Error: Unicode character –µ (U+0435)
(inputenc)                not set up for use with LaTeX.

See the inputenc package documentation for explanation.
Type  H <return>  for immediate help.
 ...                                              
                                                  
l.5 ...–µ–ª–∞—Ç—å \textbf{–∂–∏—Ä–Ω—ã–π —Ç–µ–∫—Å—Ç}
                                                   –∏ \textit{–∫—É—Ä—Å–∏–≤}.
You may provide a definition with
\DeclareUnicodeCharacter 


./part1.tex:5: Package inputenc Error: Unicode character –∫ (U+043A)
(inputenc)                not set up for use with LaTeX.

See the inputenc package documentation for explanation.
Type  H <return>  for immediate help.
 ...                                              
                                                  
l.5 ...–µ–ª–∞—Ç—å \textbf{–∂–∏—Ä–Ω—ã–π —Ç–µ–∫—Å—Ç}
                                                   –∏ \textit{–∫—É—Ä—Å–∏–≤}.
You may provide a definition with
\DeclareUnicodeCharacter 


./part1.tex:5: Package inputenc Error: Unicode character —Å (U+0441)
(inputenc)                not set up for use with LaTeX.

See the inputenc package documentation for explanation.
Type  H <return>  for immediate help.
 ...                                              
                                                  
l.5 ...–µ–ª–∞—Ç—å \textbf{–∂–∏—Ä–Ω—ã–π —Ç–µ–∫—Å—Ç}
                                                   –∏ \textit{–∫—É—Ä—Å–∏–≤}.
You may provide a definition with
\DeclareUnicodeCharacter 


./part1.tex:5: Package inputenc Error: Unicode character —Ç (U+0442)
(inputenc)                not set up for use with LaTeX.

See the inputenc package documentation for explanation.
Type  H <return>  for immediate help.
 ...                                              
                                                  
l.5 ...–µ–ª–∞—Ç—å \textbf{–∂–∏—Ä–Ω—ã–π —Ç–µ–∫—Å—Ç}
                                                   –∏ \textit{–∫—É—Ä—Å–∏–≤}.
You may provide a definition with
\DeclareUnicodeCharacter 


./part1.tex:5: Package inputenc Error: Unicode character –∏ (U+0438)
(inputenc)                not set up for use with LaTeX.

See the inputenc package documentation for explanation.
Type  H <return>  for immediate help.
 ...                                              
                                                  
l.5 ...ª–∞—Ç—å \textbf{–∂–∏—Ä–Ω—ã–π —Ç–µ–∫—Å—Ç} –∏
                                                   \textit{–∫—É—Ä—Å–∏–≤}.
You may provide a definition with
\DeclareUnicodeCharacter 


./part1.tex:5: Package inputenc Error: Unicode character –∫ (U+043A)
(inputenc)                not set up for use with LaTeX.

See the inputenc package documentation for explanation.
Type  H <return>  for immediate help.
 ...                                              
                                                  
l.5 ...–Ω—ã–π —Ç–µ–∫—Å—Ç} –∏ \textit{–∫—É—Ä—Å–∏–≤}
                                                  .
You may provide a definition with
\DeclareUnicodeCharacter 


./part1.tex:5: Package inputenc Error: Unicode character —É (U+0443)
(inputenc)                not set up for use with LaTeX.

See the inputenc package documentation for explanation.
Type  H <return>  for immediate help.
 ...                                              
                                                  
l.5 ...–Ω—ã–π —Ç–µ–∫—Å—Ç} –∏ \textit{–∫—É—Ä—Å–∏–≤}
                                                  .
You may provide a definition with
\DeclareUnicodeCharacter 


./part1.tex:5: Package inputenc Error: Unicode character —Ä (U+0440)
(inputenc)                not set up for use with LaTeX.

See the inputenc package documentation for explanation.
Type  H <return>  for immediate help.
 ...                                              
                                                  
l.5 ...–Ω—ã–π —Ç–µ–∫—Å—Ç} –∏ \textit{–∫—É—Ä—Å–∏–≤}
                                                  .
You may provide a definition with
\DeclareUnicodeCharacter 


./part1.tex:5: Package inputenc Error: Unicode character —Å (U+0441)
(inputenc)                not set up for use with LaTeX.

See the inputenc package documentation for explanation.
Type  H <return>  for immediate help.
 ...                                              
                                                  
l.5 ...–Ω—ã–π —Ç–µ–∫—Å—Ç} –∏ \textit{–∫—É—Ä—Å–∏–≤}
                                                  .
You may provide a definition with
\DeclareUnicodeCharacter 


./part1.tex:5: Package inputenc Error: Unicode character –∏ (U+0438)
(inputenc)                not set up for use with LaTeX.

See the inputenc package documentation for explanation.
Type  H <return>  for immediate help.
 ...                                              
                                                  
l.5 ...–Ω—ã–π —Ç–µ–∫—Å—Ç} –∏ \textit{–∫—É—Ä—Å–∏–≤}
                                                  .
You may provide a definition with
\DeclareUnicodeCharacter 


./part1.tex:5: Package inputenc Error: Unicode character –≤ (U+0432)
(inputenc)                not set up for use with LaTeX.

See the inputenc package documentation for explanation.
Type  H <return>  for immediate help.
 ...                                              
                                                  
l.5 ...–Ω—ã–π —Ç–µ–∫—Å—Ç} –∏ \textit{–∫—É—Ä—Å–∏–≤}
                                                  .
You may provide a definition with
\DeclareUnicodeCharacter 

Missing character: There is no . in font nullfont!

Overfull \hbox (20.0pt too wide) in paragraph at lines 5--6
[]
 []

./part1.tex:7: Undefined control sequence.
l.7 \section
            {–°—Å—ã–ª–∫–∏} \label{sect1_2}
The control sequence at the end of the top line
of your error message was never \def'ed. If you have
misspelled it (e.g., `\hobx'), type `I' and the correct
spelling (e.g., `I\hbox'). Otherwise just continue,
and I'll forget about whatever was undefined.


./part1.tex:7: Package inputenc Error: Unicode character –° (U+0421)
(inputenc)                not set up for use with LaTeX.

See the inputenc package documentation for explanation.
Type  H <return>  for immediate help.
 ...                                              
                                                  
l.7 \section{–°
               —Å—ã–ª–∫–∏} \label{sect1_2}
You may provide a definition with
\DeclareUnicodeCharacter 


./part1.tex:7: Package inputenc Error: Unicode character —Å (U+0441)
(inputenc)                not set up for use with LaTeX.

See the inputenc package documentation for explanation.
Type  H <return>  for immediate help.
 ...                                              
                                                  
l.7 \section{–°—Å
                 —ã–ª–∫–∏} \label{sect1_2}
You may provide a definition with
\DeclareUnicodeCharacter 


./part1.tex:7: Package inputenc Error: Unicode character —ã (U+044B)
(inputenc)                not set up for use with LaTeX.

See the inputenc package documentation for explanation.
Type  H <return>  for immediate help.
 ...                                              
                                                  
l.7 \section{–°—Å—ã
                   –ª–∫–∏} \label{sect1_2}
You may provide a definition with
\DeclareUnicodeCharacter 


./part1.tex:7: Package inputenc Error: Unicode character –ª (U+043B)
(inputenc)                not set up for use with LaTeX.

See the inputenc package documentation for explanation.
Type  H <return>  for immediate help.
 ...                                              
                                                  
l.7 \section{–°—Å—ã–ª
                     –∫–∏} \label{sect1_2}
You may provide a definition with
\DeclareUnicodeCharacter 


./part1.tex:7: Package inputenc Error: Unicode character –∫ (U+043A)
(inputenc)                not set up for use with LaTeX.

See the inputenc package documentation for explanation.
Type  H <return>  for immediate help.
 ...                                              
                                                  
l.7 \section{–°—Å—ã–ª–∫
                       –∏} \label{sect1_2}
You may provide a definition with
\DeclareUnicodeCharacter 


./part1.tex:7: Package inputenc Error: Unicode character –∏ (U+0438)
(inputenc)                not set up for use with LaTeX.

See the inputenc package documentation for explanation.
Type  H <return>  for immediate help.
 ...                                              
                                                  
l.7 \section{–°—Å—ã–ª–∫–∏
                         } \label{sect1_2}
You may provide a definition with
\DeclareUnicodeCharacter 


./part1.tex:8: Package inputenc Error: Unicode character –° (U+0421)
(inputenc)                not set up for use with LaTeX.

See the inputenc package documentation for explanation.
Type  H <return>  for immediate help.
 ...                                              
                                                  
l.8 –°
      –æ—à–ª—ë–º—Å—è –Ω–∞ –±–∏–±–ª–∏–æ–≥—Ä–∞—Ñ–∏—é.
You may provide a definition with
\DeclareUnicodeCharacter 


./part1.tex:8: Package inputenc Error: Unicode character –æ (U+043E)
(inputenc)                not set up for use with LaTeX.

See the inputenc package documentation for explanation.
Type  H <return>  for immediate help.
 ...                                              
                                                  
l.8 –°–æ
        —à–ª—ë–º—Å—è –Ω–∞ –±–∏–±–ª–∏–æ–≥—Ä–∞—Ñ–∏—é.
You may provide a definition with
\DeclareUnicodeCharacter 


./part1.tex:8: Package inputenc Error: Unicode character —à (U+0448)
(inputenc)                not set up for use with LaTeX.

See the inputenc package documentation for explanation.
Type  H <return>  for immediate help.
 ...                                              
                                                  
l.8 –°–æ—à
          –ª—ë–º—Å—è –Ω–∞ –±–∏–±–ª–∏–æ–≥—Ä–∞—Ñ–∏—é.
You may provide a definition with
\DeclareUnicodeCharacter 


./part1.tex:8: Package inputenc Error: Unicode character –ª (U+043B)
(inputenc)                not set up for use with LaTeX.

See the inputenc package documentation for explanation.
Type  H <return>  for immediate help.
 ...                                              
                                                  
l.8 –°–æ—à–ª
            —ë–º—Å—è –Ω–∞ –±–∏–±–ª–∏–æ–≥—Ä–∞—Ñ–∏—é.
You may provide a definition with
\DeclareUnicodeCharacter 


./part1.tex:8: Package inputenc Error: Unicode character —ë (U+0451)
(inputenc)                not set up for use with LaTeX.

See the inputenc package documentation for explanation.
Type  H <return>  for immediate help.
 ...                                              
                                                  
l.8 –°–æ—à–ª—ë
              –º—Å—è –Ω–∞ –±–∏–±–ª–∏–æ–≥—Ä–∞—Ñ–∏—é.
You may provide a definition with
\DeclareUnicodeCharacter 


./part1.tex:8: Package inputenc Error: Unicode character –º (U+043C)
(inputenc)                not set up for use with LaTeX.

See the inputenc package documentation for explanation.
Type  H <return>  for immediate help.
 ...                                              
                                                  
l.8 –°–æ—à–ª—ë–º
                —Å—è –Ω–∞ –±–∏–±–ª–∏–æ–≥—Ä–∞—Ñ–∏—é.
You may provide a definition with
\DeclareUnicodeCharacter 


./part1.tex:8: Package inputenc Error: Unicode character —Å (U+0441)
(inputenc)                not set up for use with LaTeX.

See the inputenc package documentation for explanation.
Type  H <return>  for immediate help.
 ...                                              
                                                  
l.8 –°–æ—à–ª—ë–º—Å
                  —è –Ω–∞ –±–∏–±–ª–∏–æ–≥—Ä–∞—Ñ–∏—é.
You may provide a definition with
\DeclareUnicodeCharacter 


./part1.tex:8: Package inputenc Error: Unicode character —è (U+044F)
(inputenc)                not set up for use with LaTeX.

See the inputenc package documentation for explanation.
Type  H <return>  for immediate help.
 ...                                              
                                                  
l.8 –°–æ—à–ª—ë–º—Å—è
                     –Ω–∞ –±–∏–±–ª–∏–æ–≥—Ä–∞—Ñ–∏—é.
You may provide a definition with
\DeclareUnicodeCharacter 


./part1.tex:8: Package inputenc Error: Unicode character –Ω (U+043D)
(inputenc)                not set up for use with LaTeX.

See the inputenc package documentation for explanation.
Type  H <return>  for immediate help.
 ...                                              
                                                  
l.8 –°–æ—à–ª—ë–º—Å—è –Ω
                       –∞ –±–∏–±–ª–∏–æ–≥—Ä–∞—Ñ–∏—é.
You may provide a definition with
\DeclareUnicodeCharacter 


./part1.tex:8: Package inputenc Error: Unicode character –∞ (U+0430)
(inputenc)                not set up for use with LaTeX.

See the inputenc package documentation for explanation.
Type  H <return>  for immediate help.
 ...                                              
                                                  
l.8 –°–æ—à–ª—ë–º—Å—è –Ω–∞
                          –±–∏–±–ª–∏–æ–≥—Ä–∞—Ñ–∏—é.
You may provide a definition with
\DeclareUnicodeCharacter 


./part1.tex:8: Package inputenc Error: Unicode character –± (U+0431)
(inputenc)                not set up for use with LaTeX.

See the inputenc package documentation for explanation.
Type  H <return>  for immediate help.
 ...                                              
                                                  
l.8 –°–æ—à–ª—ë–º—Å—è –Ω–∞ –±
                            –∏–±–ª–∏–æ–≥—Ä–∞—Ñ–∏—é.
You may provide a definition with
\DeclareUnicodeCharacter 


./part1.tex:8: Package inputenc Error: Unicode character –∏ (U+0438)
(inputenc)                not set up for use with LaTeX.

See the inputenc package documentation for explanation.
Type  H <return>  for immediate help.
 ...                                              
                                                  
l.8 –°–æ—à–ª—ë–º—Å—è –Ω–∞ –±–∏
                              –±–ª–∏–æ–≥—Ä–∞—Ñ–∏—é.
You may provide a definition with
\DeclareUnicodeCharacter 


./part1.tex:8: Package inputenc Error: Unicode character –± (U+0431)
(inputenc)                not set up for use with LaTeX.

See the inputenc package documentation for explanation.
Type  H <return>  for immediate help.
 ...                                              
                                                  
l.8 –°–æ—à–ª—ë–º—Å—è –Ω–∞ –±–∏–±
                                –ª–∏–æ–≥—Ä–∞—Ñ–∏—é.
You may provide a definition with
\DeclareUnicodeCharacter 


./part1.tex:8: Package inputenc Error: Unicode character –ª (U+043B)
(inputenc)                not set up for use with LaTeX.

See the inputenc package documentation for explanation.
Type  H <return>  for immediate help.
 ...                                              
                                                  
l.8 –°–æ—à–ª—ë–º—Å—è –Ω–∞ –±–∏–±–ª
                                  –∏–æ–≥—Ä–∞—Ñ–∏—é.
You may provide a definition with
\DeclareUnicodeCharacter 


./part1.tex:8: Package inputenc Error: Unicode character –∏ (U+0438)
(inputenc)                not set up for use with LaTeX.

See the inputenc package documentation for explanation.
Type  H <return>  for immediate help.
 ...                                              
                                                  
l.8 –°–æ—à–ª—ë–º—Å—è –Ω–∞ –±–∏–±–ª–∏
                                    –æ–≥—Ä–∞—Ñ–∏—é.
You may provide a definition with
\DeclareUnicodeCharacter 


./part1.tex:8: Package inputenc Error: Unicode character –æ (U+043E)
(inputenc)                not set up for use with LaTeX.

See the inputenc package documentation for explanation.
Type  H <return>  for immediate help.
 ...                                              
                                                  
l.8 –°–æ—à–ª—ë–º—Å—è –Ω–∞ –±–∏–±–ª–∏–æ
                                      –≥—Ä–∞—Ñ–∏—é.
You may provide a definition with
\DeclareUnicodeCharacter 


./part1.tex:8: Package inputenc Error: Unicode character –≥ (U+0433)
(inputenc)                not set up for use with LaTeX.

See the inputenc package documentation for explanation.
Type  H <return>  for immediate help.
 ...                                              
                                                  
l.8 –°–æ—à–ª—ë–º—Å—è –Ω–∞ –±–∏–±–ª–∏–æ–≥
                                        —Ä–∞—Ñ–∏—é.
You may provide a definition with
\DeclareUnicodeCharacter 


./part1.tex:8: Package inputenc Error: Unicode character —Ä (U+0440)
(inputenc)                not set up for use with LaTeX.

See the inputenc package documentation for explanation.
Type  H <return>  for immediate help.
 ...                                              
                                                  
l.8 –°–æ—à–ª—ë–º—Å—è –Ω–∞ –±–∏–±–ª–∏–æ–≥—Ä
                                          –∞—Ñ–∏—é.
You may provide a definition with
\DeclareUnicodeCharacter 


./part1.tex:8: Package inputenc Error: Unicode character –∞ (U+0430)
(inputenc)                not set up for use with LaTeX.

See the inputenc package documentation for explanation.
Type  H <return>  for immediate help.
 ...                                              
                                                  
l.8 –°–æ—à–ª—ë–º—Å—è –Ω–∞ –±–∏–±–ª–∏–æ–≥—Ä–∞
                                            —Ñ–∏—é.
You may provide a definition with
\DeclareUnicodeCharacter 


./part1.tex:8: Package inputenc Error: Unicode character —Ñ (U+0444)
(inputenc)                not set up for use with LaTeX.

See the inputenc package documentation for explanation.
Type  H <return>  for immediate help.
 ...                                              
                                                  
l.8 –°–æ—à–ª—ë–º—Å—è –Ω–∞ –±–∏–±–ª–∏–æ–≥—Ä–∞—Ñ
                                              –∏—é.
You may provide a definition with
\DeclareUnicodeCharacter 


./part1.tex:8: Package inputenc Error: Unicode character –∏ (U+0438)
(inputenc)                not set up for use with LaTeX.

See the inputenc package documentation for explanation.
Type  H <return>  for immediate help.
 ...                                              
                                                  
l.8 –°–æ—à–ª—ë–º—Å—è –Ω–∞ –±–∏–±–ª–∏–æ–≥—Ä–∞—Ñ–∏
                                                —é.
You may provide a definition with
\DeclareUnicodeCharacter 


./part1.tex:8: Package inputenc Error: Unicode character —é (U+044E)
(inputenc)                not set up for use with LaTeX.

See the inputenc package documentation for explanation.
Type  H <return>  for immediate help.
 ...                                              
                                                  
l.8 –°–æ—à–ª—ë–º—Å—è –Ω–∞ –±–∏–±–ª–∏–æ–≥—Ä–∞—Ñ–∏—é
                                                  .
You may provide a definition with
\DeclareUnicodeCharacter 


./part1.tex:8: LaTeX Error: Missing \begin{document}.

See the LaTeX manual or LaTeX Companion for explanation.
Type  H <return>  for immediate help.
 ...                                              
                                                  
l.8 ...—à–ª—ë–º—Å—è –Ω–∞ –±–∏–±–ª–∏–æ–≥—Ä–∞—Ñ–∏—é.
                                                  
You're in trouble here.  Try typing  <return>  to proceed.
If that doesn't work, type  X <return>  to quit.

Missing character: There is no . in font nullfont!

./part1.tex:9: Package inputenc Error: Unicode character –û (U+041E)
(inputenc)                not set up for use with LaTeX.

See the inputenc package documentation for explanation.
Type  H <return>  for immediate help.
 ...                                              
                                                  
l.9 –û
      –¥–Ω–∞ —Å—Å—ã–ª–∫–∞: \cite[—Å.~54]{Sokolov}\cite[—Å.~36]{Gaidaenko}.
You may provide a definition with
\DeclareUnicodeCharacter 


./part1.tex:9: Package inputenc Error: Unicode character –¥ (U+0434)
(inputenc)                not set up for use with LaTeX.

See the inputenc package documentation for explanation.
Type  H <return>  for immediate help.
 ...                                              
                                                  
l.9 –û–¥
        –Ω–∞ —Å—Å—ã–ª–∫–∞: \cite[—Å.~54]{Sokolov}\cite[—Å.~36]{Gaidaenko}.
You may provide a definition with
\DeclareUnicodeCharacter 


./part1.tex:9: Package inputenc Error: Unicode character –Ω (U+043D)
(inputenc)                not set up for use with LaTeX.

See the inputenc package documentation for explanation.
Type  H <return>  for immediate help.
 ...                                              
                                                  
l.9 –û–¥–Ω
          –∞ —Å—Å—ã–ª–∫–∞: \cite[—Å.~54]{Sokolov}\cite[—Å.~36]{Gaidaenko}.
You may provide a definition with
\DeclareUnicodeCharacter 


./part1.tex:9: Package inputenc Error: Unicode character –∞ (U+0430)
(inputenc)                not set up for use with LaTeX.

See the inputenc package documentation for explanation.
Type  H <return>  for immediate help.
 ...                                              
                                                  
l.9 –û–¥–Ω–∞
             —Å—Å—ã–ª–∫–∞: \cite[—Å.~54]{Sokolov}\cite[—Å.~36]{Gaidaenko}.
You may provide a definition with
\DeclareUnicodeCharacter 


./part1.tex:9: Package inputenc Error: Unicode character —Å (U+0441)
(inputenc)                not set up for use with LaTeX.

See the inputenc package documentation for explanation.
Type  H <return>  for immediate help.
 ...                                              
                                                  
l.9 –û–¥–Ω–∞ —Å
               —Å—ã–ª–∫–∞: \cite[—Å.~54]{Sokolov}\cite[—Å.~36]{Gaidaenko}.
You may provide a definition with
\DeclareUnicodeCharacter 


./part1.tex:9: Package inputenc Error: Unicode character —Å (U+0441)
(inputenc)                not set up for use with LaTeX.

See the inputenc package documentation for explanation.
Type  H <return>  for immediate help.
 ...                                              
                                                  
l.9 –û–¥–Ω–∞ —Å—Å
                 —ã–ª–∫–∞: \cite[—Å.~54]{Sokolov}\cite[—Å.~36]{Gaidaenko}.
You may provide a definition with
\DeclareUnicodeCharacter 


./part1.tex:9: Package inputenc Error: Unicode character —ã (U+044B)
(inputenc)                not set up for use with LaTeX.

See the inputenc package documentation for explanation.
Type  H <return>  for immediate help.
 ...                                              
                                                  
l.9 –û–¥–Ω–∞ —Å—Å—ã
                   –ª–∫–∞: \cite[—Å.~54]{Sokolov}\cite[—Å.~36]{Gaidaenko}.
You may provide a definition with
\DeclareUnicodeCharacter 


./part1.tex:9: Package inputenc Error: Unicode character –ª (U+043B)
(inputenc)                not set up for use with LaTeX.

See the inputenc package documentation for explanation.
Type  H <return>  for immediate help.
 ...                                              
                                                  
l.9 –û–¥–Ω–∞ —Å—Å—ã–ª
                     –∫–∞: \cite[—Å.~54]{Sokolov}\cite[—Å.~36]{Gaidaenko}.
You may provide a definition with
\DeclareUnicodeCharacter 


./part1.tex:9: Package inputenc Error: Unicode character –∫ (U+043A)
(inputenc)                not set up for use with LaTeX.

See the inputenc package documentation for explanation.
Type  H <return>  for immediate help.
 ...                                              
                                                  
l.9 –û–¥–Ω–∞ —Å—Å—ã–ª–∫
                       –∞: \cite[—Å.~54]{Sokolov}\cite[—Å.~36]{Gaidaenko}.
You may provide a definition with
\DeclareUnicodeCharacter 


./part1.tex:9: Package inputenc Error: Unicode character –∞ (U+0430)
(inputenc)                not set up for use with LaTeX.

See the inputenc package documentation for explanation.
Type  H <return>  for immediate help.
 ...                                              
                                                  
l.9 –û–¥–Ω–∞ —Å—Å—ã–ª–∫–∞
                         : \cite[—Å.~54]{Sokolov}\cite[—Å.~36]{Gaidaenko}.
You may provide a definition with
\DeclareUnicodeCharacter 

Missing character: There is no : in font nullfont!
Missing character: There is no [ in font nullfont!
\citation{Sokolov}
./part1.tex:9: Undefined control sequence.
<write> ...: Citation `\@citeb ' on page \thepage 
                                                  \space undefined\on@line .
l.9 –û–¥–Ω–∞ —Å—Å—ã–ª–∫–∞: \cite[—Å.~54]{Sokolov}
                                                 \cite[—Å.~36]{Gaidaenko}.
The control sequence at the end of the top line
of your error message was never \def'ed. If you have
misspelled it (e.g., `\hobx'), type `I' and the correct
spelling (e.g., `I\hbox'). Otherwise just continue,
and I'll forget about whatever was undefined.


LaTeX Warning: Citation `Sokolov' on page  undefined on input line 9.

Missing character: There is no , in font nullfont!

./part1.tex:9: Package inputenc Error: Unicode character —Å (U+0441)
(inputenc)                not set up for use with LaTeX.

See the inputenc package documentation for explanation.
Type  H <return>  for immediate help.
 ...                                              
                                                  
l.9 –û–¥–Ω–∞ —Å—Å—ã–ª–∫–∞: \cite[—Å.~54]{Sokolov}
                                                 \cite[—Å.~36]{Gaidaenko}.
You may provide a definition with
\DeclareUnicodeCharacter 

Missing character: There is no . in font nullfont!
Missing character: There is no 5 in font nullfont!
Missing character: There is no 4 in font nullfont!
Missing character: There is no ] in font nullfont!
Missing character: There is no [ in font nullfont!
\citation{Gaidaenko}
./part1.tex:9: Undefined control sequence.
<write> ...: Citation `\@citeb ' on page \thepage 
                                                  \space undefined\on@line .
l.9 ...te[—Å.~54]{Sokolov}\cite[—Å.~36]{Gaidaenko}
                                                  .
The control sequence at the end of the top line
of your error message was never \def'ed. If you have
misspelled it (e.g., `\hobx'), type `I' and the correct
spelling (e.g., `I\hbox'). Otherwise just continue,
and I'll forget about whatever was undefined.


LaTeX Warning: Citation `Gaidaenko' on page  undefined on input line 9.

Missing character: There is no , in font nullfont!

./part1.tex:9: Package inputenc Error: Unicode character —Å (U+0441)
(inputenc)                not set up for use with LaTeX.

See the inputenc package documentation for explanation.
Type  H <return>  for immediate help.
 ...                                              
                                                  
l.9 ...te[—Å.~54]{Sokolov}\cite[—Å.~36]{Gaidaenko}
                                                  .
You may provide a definition with
\DeclareUnicodeCharacter 

Missing character: There is no . in font nullfont!
Missing character: There is no 3 in font nullfont!
Missing character: There is no 6 in font nullfont!
Missing character: There is no ] in font nullfont!
Missing character: There is no . in font nullfont!

./part1.tex:10: Package inputenc Error: Unicode character –î (U+0414)
(inputenc)                not set up for use with LaTeX.

See the inputenc package documentation for explanation.
Type  H <return>  for immediate help.
 ...                                              
                                                  
l.10 –î
       –≤–µ —Å—Å—ã–ª–∫–∏: \cite{Sokolov,Gaidaenko}.
You may provide a definition with
\DeclareUnicodeCharacter 


./part1.tex:10: Package inputenc Error: Unicode character –≤ (U+0432)
(inputenc)                not set up for use with LaTeX.

See the inputenc package documentation for explanation.
Type  H <return>  for immediate help.
 ...                                              
                                                  
l.10 –î–≤
         –µ —Å—Å—ã–ª–∫–∏: \cite{Sokolov,Gaidaenko}.
You may provide a definition with
\DeclareUnicodeCharacter 


./part1.tex:10: Package inputenc Error: Unicode character –µ (U+0435)
(inputenc)                not set up for use with LaTeX.

See the inputenc package documentation for explanation.
Type  H <return>  for immediate help.
 ...                                              
                                                  
l.10 –î–≤–µ
            —Å—Å—ã–ª–∫–∏: \cite{Sokolov,Gaidaenko}.
You may provide a definition with
\DeclareUnicodeCharacter 


./part1.tex:10: Package inputenc Error: Unicode character —Å (U+0441)
(inputenc)                not set up for use with LaTeX.

See the inputenc package documentation for explanation.
Type  H <return>  for immediate help.
 ...                                              
                                                  
l.10 –î–≤–µ —Å
              —Å—ã–ª–∫–∏: \cite{Sokolov,Gaidaenko}.
You may provide a definition with
\DeclareUnicodeCharacter 


./part1.tex:10: Package inputenc Error: Unicode character —Å (U+0441)
(inputenc)                not set up for use with LaTeX.

See the inputenc package documentation for explanation.
Type  H <return>  for immediate help.
 ...                                              
                                                  
l.10 –î–≤–µ —Å—Å
                —ã–ª–∫–∏: \cite{Sokolov,Gaidaenko}.
You may provide a definition with
\DeclareUnicodeCharacter 


./part1.tex:10: Package inputenc Error: Unicode character —ã (U+044B)
(inputenc)                not set up for use with LaTeX.

See the inputenc package documentation for explanation.
Type  H <return>  for immediate help.
 ...                                              
                                                  
l.10 –î–≤–µ —Å—Å—ã
                  –ª–∫–∏: \cite{Sokolov,Gaidaenko}.
You may provide a definition with
\DeclareUnicodeCharacter 


./part1.tex:10: Package inputenc Error: Unicode character –ª (U+043B)
(inputenc)                not set up for use with LaTeX.

See the inputenc package documentation for explanation.
Type  H <return>  for immediate help.
 ...                                              
                                                  
l.10 –î–≤–µ —Å—Å—ã–ª
                    –∫–∏: \cite{Sokolov,Gaidaenko}.
You may provide a definition with
\DeclareUnicodeCharacter 


./part1.tex:10: Package inputenc Error: Unicode character –∫ (U+043A)
(inputenc)                not set up for use with LaTeX.

See the inputenc package documentation for explanation.
Type  H <return>  for immediate help.
 ...                                              
                                                  
l.10 –î–≤–µ —Å—Å—ã–ª–∫
                      –∏: \cite{Sokolov,Gaidaenko}.
You may provide a definition with
\DeclareUnicodeCharacter 


./part1.tex:10: Package inputenc Error: Unicode character –∏ (U+0438)
(inputenc)                not set up for use with LaTeX.

See the inputenc package documentation for explanation.
Type  H <return>  for immediate help.
 ...                                              
                                                  
l.10 –î–≤–µ —Å—Å—ã–ª–∫–∏
                        : \cite{Sokolov,Gaidaenko}.
You may provide a definition with
\DeclareUnicodeCharacter 

Missing character: There is no : in font nullfont!
Missing character: There is no [ in font nullfont!
\citation{Sokolov}
./part1.tex:10: Undefined control sequence.
<write> ...: Citation `\@citeb ' on page \thepage 
                                                  \space undefined\on@line .
l.10 –î–≤–µ —Å—Å—ã–ª–∫–∏: \cite{Sokolov,Gaidaenko}
                                                  .
The control sequence at the end of the top line
of your error message was never \def'ed. If you have
misspelled it (e.g., `\hobx'), type `I' and the correct
spelling (e.g., `I\hbox'). Otherwise just continue,
and I'll forget about whatever was undefined.


LaTeX Warning: Citation `Sokolov' on page  undefined on input line 10.

Missing character: There is no , in font nullfont!
\citation{Gaidaenko}
./part1.tex:10: Undefined control sequence.
<write> ...: Citation `\@citeb ' on page \thepage 
                                                  \space undefined\on@line .
l.10 –î–≤–µ —Å—Å—ã–ª–∫–∏: \cite{Sokolov,Gaidaenko}
                                                  .
The control sequence at the end of the top line
of your error message was never \def'ed. If you have
misspelled it (e.g., `\hobx'), type `I' and the correct
spelling (e.g., `I\hbox'). Otherwise just continue,
and I'll forget about whatever was undefined.


LaTeX Warning: Citation `Gaidaenko' on page  undefined on input line 10.

Missing character: There is no ] in font nullfont!
Missing character: There is no . in font nullfont!

./part1.tex:11: Package inputenc Error: Unicode character –ú (U+041C)
(inputenc)                not set up for use with LaTeX.

See the inputenc package documentation for explanation.
Type  H <return>  for immediate help.
 ...                                              
                                                  
l.11 –ú
       –Ω–æ–≥–æ —Å—Å—ã–ª–æ–∫: %\cite[—Å.~54]{Lermontov,Management,Borozda} %...

You may provide a definition with
\DeclareUnicodeCharacter 


./part1.tex:11: Package inputenc Error: Unicode character –Ω (U+043D)
(inputenc)                not set up for use with LaTeX.

See the inputenc package documentation for explanation.
Type  H <return>  for immediate help.
 ...                                              
                                                  
l.11 –ú–Ω
         –æ–≥–æ —Å—Å—ã–ª–æ–∫: %\cite[—Å.~54]{Lermontov,Management,Borozda} %...

You may provide a definition with
\DeclareUnicodeCharacter 


./part1.tex:11: Package inputenc Error: Unicode character –æ (U+043E)
(inputenc)                not set up for use with LaTeX.

See the inputenc package documentation for explanation.
Type  H <return>  for immediate help.
 ...                                              
                                                  
l.11 –ú–Ω–æ
           –≥–æ —Å—Å—ã–ª–æ–∫: %\cite[—Å.~54]{Lermontov,Management,Borozda} %...

You may provide a definition with
\DeclareUnicodeCharacter 


./part1.tex:11: Package inputenc Error: Unicode character –≥ (U+0433)
(inputenc)                not set up for use with LaTeX.

See the inputenc package documentation for explanation.
Type  H <return>  for immediate help.
 ...                                              
                                                  
l.11 –ú–Ω–æ–≥
             –æ —Å—Å—ã–ª–æ–∫: %\cite[—Å.~54]{Lermontov,Management,Borozda} %...

You may provide a definition with
\DeclareUnicodeCharacter 


./part1.tex:11: Package inputenc Error: Unicode character –æ (U+043E)
(inputenc)                not set up for use with LaTeX.

See the inputenc package documentation for explanation.
Type  H <return>  for immediate help.
 ...                                              
                                                  
l.11 –ú–Ω–æ–≥–æ
                —Å—Å—ã–ª–æ–∫: %\cite[—Å.~54]{Lermontov,Management,Borozda} %...

You may provide a definition with
\DeclareUnicodeCharacter 


./part1.tex:11: Package inputenc Error: Unicode character —Å (U+0441)
(inputenc)                not set up for use with LaTeX.

See the inputenc package documentation for explanation.
Type  H <return>  for immediate help.
 ...                                              
                                                  
l.11 –ú–Ω–æ–≥–æ —Å
                  —Å—ã–ª–æ–∫: %\cite[—Å.~54]{Lermontov,Management,Borozda} %...

You may provide a definition with
\DeclareUnicodeCharacter 


./part1.tex:11: Package inputenc Error: Unicode character —Å (U+0441)
(inputenc)                not set up for use with LaTeX.

See the inputenc package documentation for explanation.
Type  H <return>  for immediate help.
 ...                                              
                                                  
l.11 –ú–Ω–æ–≥–æ —Å—Å
                    —ã–ª–æ–∫: %\cite[—Å.~54]{Lermontov,Management,Borozda} %...

You may provide a definition with
\DeclareUnicodeCharacter 


./part1.tex:11: Package inputenc Error: Unicode character —ã (U+044B)
(inputenc)                not set up for use with LaTeX.

See the inputenc package documentation for explanation.
Type  H <return>  for immediate help.
 ...                                              
                                                  
l.11 –ú–Ω–æ–≥–æ —Å—Å—ã
                      –ª–æ–∫: %\cite[—Å.~54]{Lermontov,Management,Borozda} %...

You may provide a definition with
\DeclareUnicodeCharacter 


./part1.tex:11: Package inputenc Error: Unicode character –ª (U+043B)
(inputenc)                not set up for use with LaTeX.

See the inputenc package documentation for explanation.
Type  H <return>  for immediate help.
 ...                                              
                                                  
l.11 –ú–Ω–æ–≥–æ —Å—Å—ã–ª
                        –æ–∫: %\cite[—Å.~54]{Lermontov,Management,Borozda} %...

You may provide a definition with
\DeclareUnicodeCharacter 


./part1.tex:11: Package inputenc Error: Unicode character –æ (U+043E)
(inputenc)                not set up for use with LaTeX.

See the inputenc package documentation for explanation.
Type  H <return>  for immediate help.
 ...                                              
                                                  
l.11 –ú–Ω–æ–≥–æ —Å—Å—ã–ª–æ
                          –∫: %\cite[—Å.~54]{Lermontov,Management,Borozda} %...

You may provide a definition with
\DeclareUnicodeCharacter 


./part1.tex:11: Package inputenc Error: Unicode character –∫ (U+043A)
(inputenc)                not set up for use with LaTeX.

See the inputenc package documentation for explanation.
Type  H <return>  for immediate help.
 ...                                              
                                                  
l.11 –ú–Ω–æ–≥–æ —Å—Å—ã–ª–æ–∫
                            : %\cite[—Å.~54]{Lermontov,Management,Borozda} %...

You may provide a definition with
\DeclareUnicodeCharacter 

Missing character: There is no : in font nullfont!
Missing character: There is no [ in font nullfont!
\citation{Lermontov}
./part1.tex:12: Undefined control sequence.
<write> ...: Citation `\@citeb ' on page \thepage 
                                                  \space undefined\on@line .
l.12 ...gy,Encyclopedia,Nasirova,Berestova,Kriger}
                                                  .
The control sequence at the end of the top line
of your error message was never \def'ed. If you have
misspelled it (e.g., `\hobx'), type `I' and the correct
spelling (e.g., `I\hbox'). Otherwise just continue,
and I'll forget about whatever was undefined.


LaTeX Warning: Citation `Lermontov' on page  undefined on input line 12.

Missing character: There is no , in font nullfont!
\citation{Management}
./part1.tex:12: Undefined control sequence.
<write> ...: Citation `\@citeb ' on page \thepage 
                                                  \space undefined\on@line .
l.12 ...gy,Encyclopedia,Nasirova,Berestova,Kriger}
                                                  .
The control sequence at the end of the top line
of your error message was never \def'ed. If you have
misspelled it (e.g., `\hobx'), type `I' and the correct
spelling (e.g., `I\hbox'). Otherwise just continue,
and I'll forget about whatever was undefined.


LaTeX Warning: Citation `Management' on page  undefined on input line 12.

Missing character: There is no , in font nullfont!
\citation{Borozda}
./part1.tex:12: Undefined control sequence.
<write> ...: Citation `\@citeb ' on page \thepage 
                                                  \space undefined\on@line .
l.12 ...gy,Encyclopedia,Nasirova,Berestova,Kriger}
                                                  .
The control sequence at the end of the top line
of your error message was never \def'ed. If you have
misspelled it (e.g., `\hobx'), type `I' and the correct
spelling (e.g., `I\hbox'). Otherwise just continue,
and I'll forget about whatever was undefined.


LaTeX Warning: Citation `Borozda' on page  undefined on input line 12.

Missing character: There is no , in font nullfont!
\citation{Marketing}
./part1.tex:12: Undefined control sequence.
<write> ...: Citation `\@citeb ' on page \thepage 
                                                  \space undefined\on@line .
l.12 ...gy,Encyclopedia,Nasirova,Berestova,Kriger}
                                                  .
The control sequence at the end of the top line
of your error message was never \def'ed. If you have
misspelled it (e.g., `\hobx'), type `I' and the correct
spelling (e.g., `I\hbox'). Otherwise just continue,
and I'll forget about whatever was undefined.


LaTeX Warning: Citation `Marketing' on page  undefined on input line 12.

Missing character: There is no , in font nullfont!
\citation{Constitution}
./part1.tex:12: Undefined control sequence.
<write> ...: Citation `\@citeb ' on page \thepage 
                                                  \space undefined\on@line .
l.12 ...gy,Encyclopedia,Nasirova,Berestova,Kriger}
                                                  .
The control sequence at the end of the top line
of your error message was never \def'ed. If you have
misspelled it (e.g., `\hobx'), type `I' and the correct
spelling (e.g., `I\hbox'). Otherwise just continue,
and I'll forget about whatever was undefined.


LaTeX Warning: Citation `Constitution' on page  undefined on input line 12.

Missing character: There is no , in font nullfont!
\citation{FamilyCode}
./part1.tex:12: Undefined control sequence.
<write> ...: Citation `\@citeb ' on page \thepage 
                                                  \space undefined\on@line .
l.12 ...gy,Encyclopedia,Nasirova,Berestova,Kriger}
                                                  .
The control sequence at the end of the top line
of your error message was never \def'ed. If you have
misspelled it (e.g., `\hobx'), type `I' and the correct
spelling (e.g., `I\hbox'). Otherwise just continue,
and I'll forget about whatever was undefined.


LaTeX Warning: Citation `FamilyCode' on page  undefined on input line 12.

Missing character: There is no , in font nullfont!
\citation{Gost.7.0.53}
./part1.tex:12: Undefined control sequence.
<write> ...: Citation `\@citeb ' on page \thepage 
                                                  \space undefined\on@line .
l.12 ...gy,Encyclopedia,Nasirova,Berestova,Kriger}
                                                  .
The control sequence at the end of the top line
of your error message was never \def'ed. If you have
misspelled it (e.g., `\hobx'), type `I' and the correct
spelling (e.g., `I\hbox'). Otherwise just continue,
and I'll forget about whatever was undefined.


LaTeX Warning: Citation `Gost.7.0.53' on page  undefined on input line 12.

Missing character: There is no , in font nullfont!
\citation{Razumovski}
./part1.tex:12: Undefined control sequence.
<write> ...: Citation `\@citeb ' on page \thepage 
                                                  \space undefined\on@line .
l.12 ...gy,Encyclopedia,Nasirova,Berestova,Kriger}
                                                  .
The control sequence at the end of the top line
of your error message was never \def'ed. If you have
misspelled it (e.g., `\hobx'), type `I' and the correct
spelling (e.g., `I\hbox'). Otherwise just continue,
and I'll forget about whatever was undefined.


LaTeX Warning: Citation `Razumovski' on page  undefined on input line 12.

Missing character: There is no , in font nullfont!
\citation{Lagkueva}
./part1.tex:12: Undefined control sequence.
<write> ...: Citation `\@citeb ' on page \thepage 
                                                  \space undefined\on@line .
l.12 ...gy,Encyclopedia,Nasirova,Berestova,Kriger}
                                                  .
The control sequence at the end of the top line
of your error message was never \def'ed. If you have
misspelled it (e.g., `\hobx'), type `I' and the correct
spelling (e.g., `I\hbox'). Otherwise just continue,
and I'll forget about whatever was undefined.


LaTeX Warning: Citation `Lagkueva' on page  undefined on input line 12.

Missing character: There is no , in font nullfont!
\citation{Pokrovski}
./part1.tex:12: Undefined control sequence.
<write> ...: Citation `\@citeb ' on page \thepage 
                                                  \space undefined\on@line .
l.12 ...gy,Encyclopedia,Nasirova,Berestova,Kriger}
                                                  .
The control sequence at the end of the top line
of your error message was never \def'ed. If you have
misspelled it (e.g., `\hobx'), type `I' and the correct
spelling (e.g., `I\hbox'). Otherwise just continue,
and I'll forget about whatever was undefined.


LaTeX Warning: Citation `Pokrovski' on page  undefined on input line 12.

Missing character: There is no , in font nullfont!
\citation{Sirotko}
./part1.tex:12: Undefined control sequence.
<write> ...: Citation `\@citeb ' on page \thepage 
                                                  \space undefined\on@line .
l.12 ...gy,Encyclopedia,Nasirova,Berestova,Kriger}
                                                  .
The control sequence at the end of the top line
of your error message was never \def'ed. If you have
misspelled it (e.g., `\hobx'), type `I' and the correct
spelling (e.g., `I\hbox'). Otherwise just continue,
and I'll forget about whatever was undefined.


LaTeX Warning: Citation `Sirotko' on page  undefined on input line 12.

Missing character: There is no , in font nullfont!
\citation{Lukina}
./part1.tex:12: Undefined control sequence.
<write> ...: Citation `\@citeb ' on page \thepage 
                                                  \space undefined\on@line .
l.12 ...gy,Encyclopedia,Nasirova,Berestova,Kriger}
                                                  .
The control sequence at the end of the top line
of your error message was never \def'ed. If you have
misspelled it (e.g., `\hobx'), type `I' and the correct
spelling (e.g., `I\hbox'). Otherwise just continue,
and I'll forget about whatever was undefined.


LaTeX Warning: Citation `Lukina' on page  undefined on input line 12.

Missing character: There is no , in font nullfont!
\citation{Methodology}
./part1.tex:12: Undefined control sequence.
<write> ...: Citation `\@citeb ' on page \thepage 
                                                  \space undefined\on@line .
l.12 ...gy,Encyclopedia,Nasirova,Berestova,Kriger}
                                                  .
The control sequence at the end of the top line
of your error message was never \def'ed. If you have
misspelled it (e.g., `\hobx'), type `I' and the correct
spelling (e.g., `I\hbox'). Otherwise just continue,
and I'll forget about whatever was undefined.


LaTeX Warning: Citation `Methodology' on page  undefined on input line 12.

Missing character: There is no , in font nullfont!
\citation{Encyclopedia}
./part1.tex:12: Undefined control sequence.
<write> ...: Citation `\@citeb ' on page \thepage 
                                                  \space undefined\on@line .
l.12 ...gy,Encyclopedia,Nasirova,Berestova,Kriger}
                                                  .
The control sequence at the end of the top line
of your error message was never \def'ed. If you have
misspelled it (e.g., `\hobx'), type `I' and the correct
spelling (e.g., `I\hbox'). Otherwise just continue,
and I'll forget about whatever was undefined.


LaTeX Warning: Citation `Encyclopedia' on page  undefined on input line 12.

Missing character: There is no , in font nullfont!
\citation{Nasirova}
./part1.tex:12: Undefined control sequence.
<write> ...: Citation `\@citeb ' on page \thepage 
                                                  \space undefined\on@line .
l.12 ...gy,Encyclopedia,Nasirova,Berestova,Kriger}
                                                  .
The control sequence at the end of the top line
of your error message was never \def'ed. If you have
misspelled it (e.g., `\hobx'), type `I' and the correct
spelling (e.g., `I\hbox'). Otherwise just continue,
and I'll forget about whatever was undefined.


LaTeX Warning: Citation `Nasirova' on page  undefined on input line 12.

Missing character: There is no , in font nullfont!
\citation{Berestova}
./part1.tex:12: Undefined control sequence.
<write> ...: Citation `\@citeb ' on page \thepage 
                                                  \space undefined\on@line .
l.12 ...gy,Encyclopedia,Nasirova,Berestova,Kriger}
                                                  .
The control sequence at the end of the top line
of your error message was never \def'ed. If you have
misspelled it (e.g., `\hobx'), type `I' and the correct
spelling (e.g., `I\hbox'). Otherwise just continue,
and I'll forget about whatever was undefined.


LaTeX Warning: Citation `Berestova' on page  undefined on input line 12.

Missing character: There is no , in font nullfont!
\citation{Kriger}
./part1.tex:12: Undefined control sequence.
<write> ...: Citation `\@citeb ' on page \thepage 
                                                  \space undefined\on@line .
l.12 ...gy,Encyclopedia,Nasirova,Berestova,Kriger}
                                                  .
The control sequence at the end of the top line
of your error message was never \def'ed. If you have
misspelled it (e.g., `\hobx'), type `I' and the correct
spelling (e.g., `I\hbox'). Otherwise just continue,
and I'll forget about whatever was undefined.


LaTeX Warning: Citation `Kriger' on page  undefined on input line 12.

Missing character: There is no ] in font nullfont!
Missing character: There is no . in font nullfont!

./part1.tex:13: Package inputenc Error: Unicode character –ò (U+0418)
(inputenc)                not set up for use with LaTeX.

See the inputenc package documentation for explanation.
Type  H <return>  for immediate help.
 ...                                              
                                                  
l.13 –ò
       ~–µ—â—ë –Ω–µ–º–Ω–æ–≥–æ —Å—Å—ã–ª–æ–∫:
You may provide a definition with
\DeclareUnicodeCharacter 


./part1.tex:13: Package inputenc Error: Unicode character –µ (U+0435)
(inputenc)                not set up for use with LaTeX.

See the inputenc package documentation for explanation.
Type  H <return>  for immediate help.
 ...                                              
                                                  
l.13 –ò~–µ
          —â—ë –Ω–µ–º–Ω–æ–≥–æ —Å—Å—ã–ª–æ–∫:
You may provide a definition with
\DeclareUnicodeCharacter 


./part1.tex:13: Package inputenc Error: Unicode character —â (U+0449)
(inputenc)                not set up for use with LaTeX.

See the inputenc package documentation for explanation.
Type  H <return>  for immediate help.
 ...                                              
                                                  
l.13 –ò~–µ—â
            —ë –Ω–µ–º–Ω–æ–≥–æ —Å—Å—ã–ª–æ–∫:
You may provide a definition with
\DeclareUnicodeCharacter 


./part1.tex:13: Package inputenc Error: Unicode character —ë (U+0451)
(inputenc)                not set up for use with LaTeX.

See the inputenc package documentation for explanation.
Type  H <return>  for immediate help.
 ...                                              
                                                  
l.13 –ò~–µ—â—ë
               –Ω–µ–º–Ω–æ–≥–æ —Å—Å—ã–ª–æ–∫:
You may provide a definition with
\DeclareUnicodeCharacter 


./part1.tex:13: Package inputenc Error: Unicode character –Ω (U+043D)
(inputenc)                not set up for use with LaTeX.

See the inputenc package documentation for explanation.
Type  H <return>  for immediate help.
 ...                                              
                                                  
l.13 –ò~–µ—â—ë –Ω
                 –µ–º–Ω–æ–≥–æ —Å—Å—ã–ª–æ–∫:
You may provide a definition with
\DeclareUnicodeCharacter 


./part1.tex:13: Package inputenc Error: Unicode character –µ (U+0435)
(inputenc)                not set up for use with LaTeX.

See the inputenc package documentation for explanation.
Type  H <return>  for immediate help.
 ...                                              
                                                  
l.13 –ò~–µ—â—ë –Ω–µ
                   –º–Ω–æ–≥–æ —Å—Å—ã–ª–æ–∫:
You may provide a definition with
\DeclareUnicodeCharacter 


./part1.tex:13: Package inputenc Error: Unicode character –º (U+043C)
(inputenc)                not set up for use with LaTeX.

See the inputenc package documentation for explanation.
Type  H <return>  for immediate help.
 ...                                              
                                                  
l.13 –ò~–µ—â—ë –Ω–µ–º
                     –Ω–æ–≥–æ —Å—Å—ã–ª–æ–∫:
You may provide a definition with
\DeclareUnicodeCharacter 


./part1.tex:13: Package inputenc Error: Unicode character –Ω (U+043D)
(inputenc)                not set up for use with LaTeX.

See the inputenc package documentation for explanation.
Type  H <return>  for immediate help.
 ...                                              
                                                  
l.13 –ò~–µ—â—ë –Ω–µ–º–Ω
                       –æ–≥–æ —Å—Å—ã–ª–æ–∫:
You may provide a definition with
\DeclareUnicodeCharacter 


./part1.tex:13: Package inputenc Error: Unicode character –æ (U+043E)
(inputenc)                not set up for use with LaTeX.

See the inputenc package documentation for explanation.
Type  H <return>  for immediate help.
 ...                                              
                                                  
l.13 –ò~–µ—â—ë –Ω–µ–º–Ω–æ
                         –≥–æ —Å—Å—ã–ª–æ–∫:
You may provide a definition with
\DeclareUnicodeCharacter 


./part1.tex:13: Package inputenc Error: Unicode character –≥ (U+0433)
(inputenc)                not set up for use with LaTeX.

See the inputenc package documentation for explanation.
Type  H <return>  for immediate help.
 ...                                              
                                                  
l.13 –ò~–µ—â—ë –Ω–µ–º–Ω–æ–≥
                           –æ —Å—Å—ã–ª–æ–∫:
You may provide a definition with
\DeclareUnicodeCharacter 


./part1.tex:13: Package inputenc Error: Unicode character –æ (U+043E)
(inputenc)                not set up for use with LaTeX.

See the inputenc package documentation for explanation.
Type  H <return>  for immediate help.
 ...                                              
                                                  
l.13 –ò~–µ—â—ë –Ω–µ–º–Ω–æ–≥–æ
                              —Å—Å—ã–ª–æ–∫:
You may provide a definition with
\DeclareUnicodeCharacter 


./part1.tex:13: Package inputenc Error: Unicode character —Å (U+0441)
(inputenc)                not set up for use with LaTeX.

See the inputenc package documentation for explanation.
Type  H <return>  for immediate help.
 ...                                              
                                                  
l.13 –ò~–µ—â—ë –Ω–µ–º–Ω–æ–≥–æ —Å
                                —Å—ã–ª–æ–∫:
You may provide a definition with
\DeclareUnicodeCharacter 


./part1.tex:13: Package inputenc Error: Unicode character —Å (U+0441)
(inputenc)                not set up for use with LaTeX.

See the inputenc package documentation for explanation.
Type  H <return>  for immediate help.
 ...                                              
                                                  
l.13 –ò~–µ—â—ë –Ω–µ–º–Ω–æ–≥–æ —Å—Å
                                  —ã–ª–æ–∫:
You may provide a definition with
\DeclareUnicodeCharacter 


./part1.tex:13: Package inputenc Error: Unicode character —ã (U+044B)
(inputenc)                not set up for use with LaTeX.

See the inputenc package documentation for explanation.
Type  H <return>  for immediate help.
 ...                                              
                                                  
l.13 –ò~–µ—â—ë –Ω–µ–º–Ω–æ–≥–æ —Å—Å—ã
                                    –ª–æ–∫:
You may provide a definition with
\DeclareUnicodeCharacter 


./part1.tex:13: Package inputenc Error: Unicode character –ª (U+043B)
(inputenc)                not set up for use with LaTeX.

See the inputenc package documentation for explanation.
Type  H <return>  for immediate help.
 ...                                              
                                                  
l.13 –ò~–µ—â—ë –Ω–µ–º–Ω–æ–≥–æ —Å—Å—ã–ª
                                      –æ–∫:
You may provide a definition with
\DeclareUnicodeCharacter 


./part1.tex:13: Package inputenc Error: Unicode character –æ (U+043E)
(inputenc)                not set up for use with LaTeX.

See the inputenc package documentation for explanation.
Type  H <return>  for immediate help.
 ...                                              
                                                  
l.13 –ò~–µ—â—ë –Ω–µ–º–Ω–æ–≥–æ —Å—Å—ã–ª–æ
                                        –∫:
You may provide a definition with
\DeclareUnicodeCharacter 


./part1.tex:13: Package inputenc Error: Unicode character –∫ (U+043A)
(inputenc)                not set up for use with LaTeX.

See the inputenc package documentation for explanation.
Type  H <return>  for immediate help.
 ...                                              
                                                  
l.13 –ò~–µ—â—ë –Ω–µ–º–Ω–æ–≥–æ —Å—Å—ã–ª–æ–∫
                                          :
(That makes 100 errors; please try again.) 
Here is how much of TeX's memory you used:
 44 strings out of 492162
 534 string characters out of 6125292
 59804 words of memory out of 5000000
 4509 multiletter control sequences out of 15000+600000
 4294 words of font info for 16 fonts, out of 8000000 for 9000
 1141 hyphenation exceptions out of 8191
 20i,2n,27p,408b,63s stack positions out of 5000i,500n,10000p,200000b,80000s

./part1.tex:13:  ==> Fatal error occurred, no output PDF file produced!
