This is pdfTeX, Version 3.14159265-2.6-1.40.20 (TeX Live 2019) (preloaded format=pdflatex 2020.1.25)  4 FEB 2020 01:51
entering extended mode
 restricted \write18 enabled.
 %&-line parsing enabled.
**part2.tex
(./part2.tex
LaTeX2e <2019-10-01> patch level 3
! Undefined control sequence.
l.1 \chapter
            {–ú–µ—Ç–æ–¥—ã –∏ –∏—Ö –ø—Ä–∏–º–µ–Ω–µ–Ω–∏–µ} \label{chap2}
The control sequence at the end of the top line
of your error message was never \def'ed. If you have
misspelled it (e.g., `\hobx'), type `I' and the correct
spelling (e.g., `I\hbox'). Otherwise just continue,
and I'll forget about whatever was undefined.


! Package inputenc Error: Unicode character –ú (U+041C)
(inputenc)                not set up for use with LaTeX.

See the inputenc package documentation for explanation.
Type  H <return>  for immediate help.
 ...                                              
                                                  
l.1 \chapter{–ú
               –µ—Ç–æ–¥—ã –∏ –∏—Ö –ø—Ä–∏–º–µ–Ω–µ–Ω–∏–µ} \label{chap2}
You may provide a definition with
\DeclareUnicodeCharacter 


! Package inputenc Error: Unicode character –µ (U+0435)
(inputenc)                not set up for use with LaTeX.

See the inputenc package documentation for explanation.
Type  H <return>  for immediate help.
 ...                                              
                                                  
l.1 \chapter{–ú–µ
                 —Ç–æ–¥—ã –∏ –∏—Ö –ø—Ä–∏–º–µ–Ω–µ–Ω–∏–µ} \label{chap2}
You may provide a definition with
\DeclareUnicodeCharacter 


! Package inputenc Error: Unicode character —Ç (U+0442)
(inputenc)                not set up for use with LaTeX.

See the inputenc package documentation for explanation.
Type  H <return>  for immediate help.
 ...                                              
                                                  
l.1 \chapter{–ú–µ—Ç
                   –æ–¥—ã –∏ –∏—Ö –ø—Ä–∏–º–µ–Ω–µ–Ω–∏–µ} \label{chap2}
You may provide a definition with
\DeclareUnicodeCharacter 


! Package inputenc Error: Unicode character –æ (U+043E)
(inputenc)                not set up for use with LaTeX.

See the inputenc package documentation for explanation.
Type  H <return>  for immediate help.
 ...                                              
                                                  
l.1 \chapter{–ú–µ—Ç–æ
                     –¥—ã –∏ –∏—Ö –ø—Ä–∏–º–µ–Ω–µ–Ω–∏–µ} \label{chap2}
You may provide a definition with
\DeclareUnicodeCharacter 


! Package inputenc Error: Unicode character –¥ (U+0434)
(inputenc)                not set up for use with LaTeX.

See the inputenc package documentation for explanation.
Type  H <return>  for immediate help.
 ...                                              
                                                  
l.1 \chapter{–ú–µ—Ç–æ–¥
                       —ã –∏ –∏—Ö –ø—Ä–∏–º–µ–Ω–µ–Ω–∏–µ} \label{chap2}
You may provide a definition with
\DeclareUnicodeCharacter 


! Package inputenc Error: Unicode character —ã (U+044B)
(inputenc)                not set up for use with LaTeX.

See the inputenc package documentation for explanation.
Type  H <return>  for immediate help.
 ...                                              
                                                  
l.1 \chapter{–ú–µ—Ç–æ–¥—ã
                          –∏ –∏—Ö –ø—Ä–∏–º–µ–Ω–µ–Ω–∏–µ} \label{chap2}
You may provide a definition with
\DeclareUnicodeCharacter 


! Package inputenc Error: Unicode character –∏ (U+0438)
(inputenc)                not set up for use with LaTeX.

See the inputenc package documentation for explanation.
Type  H <return>  for immediate help.
 ...                                              
                                                  
l.1 \chapter{–ú–µ—Ç–æ–¥—ã –∏
                             –∏—Ö –ø—Ä–∏–º–µ–Ω–µ–Ω–∏–µ} \label{chap2}
You may provide a definition with
\DeclareUnicodeCharacter 


! Package inputenc Error: Unicode character –∏ (U+0438)
(inputenc)                not set up for use with LaTeX.

See the inputenc package documentation for explanation.
Type  H <return>  for immediate help.
 ...                                              
                                                  
l.1 \chapter{–ú–µ—Ç–æ–¥—ã –∏ –∏
                               —Ö –ø—Ä–∏–º–µ–Ω–µ–Ω–∏–µ} \label{chap2}
You may provide a definition with
\DeclareUnicodeCharacter 


! Package inputenc Error: Unicode character —Ö (U+0445)
(inputenc)                not set up for use with LaTeX.

See the inputenc package documentation for explanation.
Type  H <return>  for immediate help.
 ...                                              
                                                  
l.1 \chapter{–ú–µ—Ç–æ–¥—ã –∏ –∏—Ö
                                  –ø—Ä–∏–º–µ–Ω–µ–Ω–∏–µ} \label{chap2}
You may provide a definition with
\DeclareUnicodeCharacter 


! Package inputenc Error: Unicode character –ø (U+043F)
(inputenc)                not set up for use with LaTeX.

See the inputenc package documentation for explanation.
Type  H <return>  for immediate help.
 ...                                              
                                                  
l.1 \chapter{–ú–µ—Ç–æ–¥—ã –∏ –∏—Ö –ø
                                    —Ä–∏–º–µ–Ω–µ–Ω–∏–µ} \label{chap2}
You may provide a definition with
\DeclareUnicodeCharacter 


! Package inputenc Error: Unicode character —Ä (U+0440)
(inputenc)                not set up for use with LaTeX.

See the inputenc package documentation for explanation.
Type  H <return>  for immediate help.
 ...                                              
                                                  
l.1 \chapter{–ú–µ—Ç–æ–¥—ã –∏ –∏—Ö –ø—Ä
                                      –∏–º–µ–Ω–µ–Ω–∏–µ} \label{chap2}
You may provide a definition with
\DeclareUnicodeCharacter 


! Package inputenc Error: Unicode character –∏ (U+0438)
(inputenc)                not set up for use with LaTeX.

See the inputenc package documentation for explanation.
Type  H <return>  for immediate help.
 ...                                              
                                                  
l.1 \chapter{–ú–µ—Ç–æ–¥—ã –∏ –∏—Ö –ø—Ä–∏
                                        –º–µ–Ω–µ–Ω–∏–µ} \label{chap2}
You may provide a definition with
\DeclareUnicodeCharacter 


! Package inputenc Error: Unicode character –º (U+043C)
(inputenc)                not set up for use with LaTeX.

See the inputenc package documentation for explanation.
Type  H <return>  for immediate help.
 ...                                              
                                                  
l.1 \chapter{–ú–µ—Ç–æ–¥—ã –∏ –∏—Ö –ø—Ä–∏–º
                                          –µ–Ω–µ–Ω–∏–µ} \label{chap2}
You may provide a definition with
\DeclareUnicodeCharacter 


! Package inputenc Error: Unicode character –µ (U+0435)
(inputenc)                not set up for use with LaTeX.

See the inputenc package documentation for explanation.
Type  H <return>  for immediate help.
 ...                                              
                                                  
l.1 \chapter{–ú–µ—Ç–æ–¥—ã –∏ –∏—Ö –ø—Ä–∏–º–µ
                                            –Ω–µ–Ω–∏–µ} \label{chap2}
You may provide a definition with
\DeclareUnicodeCharacter 


! Package inputenc Error: Unicode character –Ω (U+043D)
(inputenc)                not set up for use with LaTeX.

See the inputenc package documentation for explanation.
Type  H <return>  for immediate help.
 ...                                              
                                                  
l.1 \chapter{–ú–µ—Ç–æ–¥—ã –∏ –∏—Ö –ø—Ä–∏–º–µ–Ω
                                              –µ–Ω–∏–µ} \label{chap2}
You may provide a definition with
\DeclareUnicodeCharacter 


! Package inputenc Error: Unicode character –µ (U+0435)
(inputenc)                not set up for use with LaTeX.

See the inputenc package documentation for explanation.
Type  H <return>  for immediate help.
 ...                                              
                                                  
l.1 \chapter{–ú–µ—Ç–æ–¥—ã –∏ –∏—Ö –ø—Ä–∏–º–µ–Ω–µ
                                                –Ω–∏–µ} \label{chap2}
You may provide a definition with
\DeclareUnicodeCharacter 


! Package inputenc Error: Unicode character –Ω (U+043D)
(inputenc)                not set up for use with LaTeX.

See the inputenc package documentation for explanation.
Type  H <return>  for immediate help.
 ...                                              
                                                  
l.1 \chapter{–ú–µ—Ç–æ–¥—ã –∏ –∏—Ö –ø—Ä–∏–º–µ–Ω–µ–Ω
                                                  –∏–µ} \label{chap2}
You may provide a definition with
\DeclareUnicodeCharacter 


! Package inputenc Error: Unicode character –∏ (U+0438)
(inputenc)                not set up for use with LaTeX.

See the inputenc package documentation for explanation.
Type  H <return>  for immediate help.
 ...                                              
                                                  
l.1 ...ter{–ú–µ—Ç–æ–¥—ã –∏ –∏—Ö –ø—Ä–∏–º–µ–Ω–µ–Ω–∏
                                                  –µ} \label{chap2}
You may provide a definition with
\DeclareUnicodeCharacter 


! Package inputenc Error: Unicode character –µ (U+0435)
(inputenc)                not set up for use with LaTeX.

See the inputenc package documentation for explanation.
Type  H <return>  for immediate help.
 ...                                              
                                                  
l.1 ...r{–ú–µ—Ç–æ–¥—ã –∏ –∏—Ö –ø—Ä–∏–º–µ–Ω–µ–Ω–∏–µ
                                                  } \label{chap2}
You may provide a definition with
\DeclareUnicodeCharacter 

! Undefined control sequence.
l.3 \section
            {–ò–º–∏—Ç–∞—Ü–∏—è –æ—Ç–∂–∏–≥–∞}
The control sequence at the end of the top line
of your error message was never \def'ed. If you have
misspelled it (e.g., `\hobx'), type `I' and the correct
spelling (e.g., `I\hbox'). Otherwise just continue,
and I'll forget about whatever was undefined.


! Package inputenc Error: Unicode character –ò (U+0418)
(inputenc)                not set up for use with LaTeX.

See the inputenc package documentation for explanation.
Type  H <return>  for immediate help.
 ...                                              
                                                  
l.3 \section{–ò
               –º–∏—Ç–∞—Ü–∏—è –æ—Ç–∂–∏–≥–∞}
You may provide a definition with
\DeclareUnicodeCharacter 


! Package inputenc Error: Unicode character –º (U+043C)
(inputenc)                not set up for use with LaTeX.

See the inputenc package documentation for explanation.
Type  H <return>  for immediate help.
 ...                                              
                                                  
l.3 \section{–ò–º
                 –∏—Ç–∞—Ü–∏—è –æ—Ç–∂–∏–≥–∞}
You may provide a definition with
\DeclareUnicodeCharacter 


! Package inputenc Error: Unicode character –∏ (U+0438)
(inputenc)                not set up for use with LaTeX.

See the inputenc package documentation for explanation.
Type  H <return>  for immediate help.
 ...                                              
                                                  
l.3 \section{–ò–º–∏
                   —Ç–∞—Ü–∏—è –æ—Ç–∂–∏–≥–∞}
You may provide a definition with
\DeclareUnicodeCharacter 


! Package inputenc Error: Unicode character —Ç (U+0442)
(inputenc)                not set up for use with LaTeX.

See the inputenc package documentation for explanation.
Type  H <return>  for immediate help.
 ...                                              
                                                  
l.3 \section{–ò–º–∏—Ç
                     –∞—Ü–∏—è –æ—Ç–∂–∏–≥–∞}
You may provide a definition with
\DeclareUnicodeCharacter 


! Package inputenc Error: Unicode character –∞ (U+0430)
(inputenc)                not set up for use with LaTeX.

See the inputenc package documentation for explanation.
Type  H <return>  for immediate help.
 ...                                              
                                                  
l.3 \section{–ò–º–∏—Ç–∞
                       —Ü–∏—è –æ—Ç–∂–∏–≥–∞}
You may provide a definition with
\DeclareUnicodeCharacter 


! Package inputenc Error: Unicode character —Ü (U+0446)
(inputenc)                not set up for use with LaTeX.

See the inputenc package documentation for explanation.
Type  H <return>  for immediate help.
 ...                                              
                                                  
l.3 \section{–ò–º–∏—Ç–∞—Ü
                         –∏—è –æ—Ç–∂–∏–≥–∞}
You may provide a definition with
\DeclareUnicodeCharacter 


! Package inputenc Error: Unicode character –∏ (U+0438)
(inputenc)                not set up for use with LaTeX.

See the inputenc package documentation for explanation.
Type  H <return>  for immediate help.
 ...                                              
                                                  
l.3 \section{–ò–º–∏—Ç–∞—Ü–∏
                           —è –æ—Ç–∂–∏–≥–∞}
You may provide a definition with
\DeclareUnicodeCharacter 


! Package inputenc Error: Unicode character —è (U+044F)
(inputenc)                not set up for use with LaTeX.

See the inputenc package documentation for explanation.
Type  H <return>  for immediate help.
 ...                                              
                                                  
l.3 \section{–ò–º–∏—Ç–∞—Ü–∏—è
                              –æ—Ç–∂–∏–≥–∞}
You may provide a definition with
\DeclareUnicodeCharacter 


! Package inputenc Error: Unicode character –æ (U+043E)
(inputenc)                not set up for use with LaTeX.

See the inputenc package documentation for explanation.
Type  H <return>  for immediate help.
 ...                                              
                                                  
l.3 \section{–ò–º–∏—Ç–∞—Ü–∏—è –æ
                                —Ç–∂–∏–≥–∞}
You may provide a definition with
\DeclareUnicodeCharacter 


! Package inputenc Error: Unicode character —Ç (U+0442)
(inputenc)                not set up for use with LaTeX.

See the inputenc package documentation for explanation.
Type  H <return>  for immediate help.
 ...                                              
                                                  
l.3 \section{–ò–º–∏—Ç–∞—Ü–∏—è –æ—Ç
                                  –∂–∏–≥–∞}
You may provide a definition with
\DeclareUnicodeCharacter 


! Package inputenc Error: Unicode character –∂ (U+0436)
(inputenc)                not set up for use with LaTeX.

See the inputenc package documentation for explanation.
Type  H <return>  for immediate help.
 ...                                              
                                                  
l.3 \section{–ò–º–∏—Ç–∞—Ü–∏—è –æ—Ç–∂
                                    –∏–≥–∞}
You may provide a definition with
\DeclareUnicodeCharacter 


! Package inputenc Error: Unicode character –∏ (U+0438)
(inputenc)                not set up for use with LaTeX.

See the inputenc package documentation for explanation.
Type  H <return>  for immediate help.
 ...                                              
                                                  
l.3 \section{–ò–º–∏—Ç–∞—Ü–∏—è –æ—Ç–∂–∏
                                      –≥–∞}
You may provide a definition with
\DeclareUnicodeCharacter 


! Package inputenc Error: Unicode character –≥ (U+0433)
(inputenc)                not set up for use with LaTeX.

See the inputenc package documentation for explanation.
Type  H <return>  for immediate help.
 ...                                              
                                                  
l.3 \section{–ò–º–∏—Ç–∞—Ü–∏—è –æ—Ç–∂–∏–≥
                                        –∞}
You may provide a definition with
\DeclareUnicodeCharacter 


! Package inputenc Error: Unicode character –∞ (U+0430)
(inputenc)                not set up for use with LaTeX.

See the inputenc package documentation for explanation.
Type  H <return>  for immediate help.
 ...                                              
                                                  
l.3 \section{–ò–º–∏—Ç–∞—Ü–∏—è –æ—Ç–∂–∏–≥–∞
                                          }
You may provide a definition with
\DeclareUnicodeCharacter 


! LaTeX Error: Missing \begin{document}.

See the LaTeX manual or LaTeX Companion for explanation.
Type  H <return>  for immediate help.
 ...                                              
                                                  
l.5 \noindent
              \textbf{–û–ø—Ä–µ–¥–µ–ª–µ–Ω–∏–µ}.
You're in trouble here.  Try typing  <return>  to proceed.
If that doesn't work, type  X <return>  to quit.


! Package inputenc Error: Unicode character –û (U+041E)
(inputenc)                not set up for use with LaTeX.

See the inputenc package documentation for explanation.
Type  H <return>  for immediate help.
 ...                                              
                                                  
l.5 \noindent \textbf{–û–ø—Ä–µ–¥–µ–ª–µ–Ω–∏–µ}
                                             .
You may provide a definition with
\DeclareUnicodeCharacter 


! Package inputenc Error: Unicode character –ø (U+043F)
(inputenc)                not set up for use with LaTeX.

See the inputenc package documentation for explanation.
Type  H <return>  for immediate help.
 ...                                              
                                                  
l.5 \noindent \textbf{–û–ø—Ä–µ–¥–µ–ª–µ–Ω–∏–µ}
                                             .
You may provide a definition with
\DeclareUnicodeCharacter 


! Package inputenc Error: Unicode character —Ä (U+0440)
(inputenc)                not set up for use with LaTeX.

See the inputenc package documentation for explanation.
Type  H <return>  for immediate help.
 ...                                              
                                                  
l.5 \noindent \textbf{–û–ø—Ä–µ–¥–µ–ª–µ–Ω–∏–µ}
                                             .
You may provide a definition with
\DeclareUnicodeCharacter 


! Package inputenc Error: Unicode character –µ (U+0435)
(inputenc)                not set up for use with LaTeX.

See the inputenc package documentation for explanation.
Type  H <return>  for immediate help.
 ...                                              
                                                  
l.5 \noindent \textbf{–û–ø—Ä–µ–¥–µ–ª–µ–Ω–∏–µ}
                                             .
You may provide a definition with
\DeclareUnicodeCharacter 


! Package inputenc Error: Unicode character –¥ (U+0434)
(inputenc)                not set up for use with LaTeX.

See the inputenc package documentation for explanation.
Type  H <return>  for immediate help.
 ...                                              
                                                  
l.5 \noindent \textbf{–û–ø—Ä–µ–¥–µ–ª–µ–Ω–∏–µ}
                                             .
You may provide a definition with
\DeclareUnicodeCharacter 


! Package inputenc Error: Unicode character –µ (U+0435)
(inputenc)                not set up for use with LaTeX.

See the inputenc package documentation for explanation.
Type  H <return>  for immediate help.
 ...                                              
                                                  
l.5 \noindent \textbf{–û–ø—Ä–µ–¥–µ–ª–µ–Ω–∏–µ}
                                             .
You may provide a definition with
\DeclareUnicodeCharacter 


! Package inputenc Error: Unicode character –ª (U+043B)
(inputenc)                not set up for use with LaTeX.

See the inputenc package documentation for explanation.
Type  H <return>  for immediate help.
 ...                                              
                                                  
l.5 \noindent \textbf{–û–ø—Ä–µ–¥–µ–ª–µ–Ω–∏–µ}
                                             .
You may provide a definition with
\DeclareUnicodeCharacter 


! Package inputenc Error: Unicode character –µ (U+0435)
(inputenc)                not set up for use with LaTeX.

See the inputenc package documentation for explanation.
Type  H <return>  for immediate help.
 ...                                              
                                                  
l.5 \noindent \textbf{–û–ø—Ä–µ–¥–µ–ª–µ–Ω–∏–µ}
                                             .
You may provide a definition with
\DeclareUnicodeCharacter 


! Package inputenc Error: Unicode character –Ω (U+043D)
(inputenc)                not set up for use with LaTeX.

See the inputenc package documentation for explanation.
Type  H <return>  for immediate help.
 ...                                              
                                                  
l.5 \noindent \textbf{–û–ø—Ä–µ–¥–µ–ª–µ–Ω–∏–µ}
                                             .
You may provide a definition with
\DeclareUnicodeCharacter 


! Package inputenc Error: Unicode character –∏ (U+0438)
(inputenc)                not set up for use with LaTeX.

See the inputenc package documentation for explanation.
Type  H <return>  for immediate help.
 ...                                              
                                                  
l.5 \noindent \textbf{–û–ø—Ä–µ–¥–µ–ª–µ–Ω–∏–µ}
                                             .
You may provide a definition with
\DeclareUnicodeCharacter 


! Package inputenc Error: Unicode character –µ (U+0435)
(inputenc)                not set up for use with LaTeX.

See the inputenc package documentation for explanation.
Type  H <return>  for immediate help.
 ...                                              
                                                  
l.5 \noindent \textbf{–û–ø—Ä–µ–¥–µ–ª–µ–Ω–∏–µ}
                                             .
You may provide a definition with
\DeclareUnicodeCharacter 

Missing character: There is no . in font nullfont!

! Package inputenc Error: Unicode character –ú (U+041C)
(inputenc)                not set up for use with LaTeX.

See the inputenc package documentation for explanation.
Type  H <return>  for immediate help.
 ...                                              
                                                  
l.6 –ú
      –µ—Ç–æ–¥ –∏–º–∏—Ç–∞—Ü–∏–∏ –æ—Ç–∂–∏–≥–∞ –ø—Ä–µ–¥—Å—Ç–∞–≤–ª—è–µ—Ç —Å–æ–±...

You may provide a definition with
\DeclareUnicodeCharacter 


! Package inputenc Error: Unicode character –µ (U+0435)
(inputenc)                not set up for use with LaTeX.

See the inputenc package documentation for explanation.
Type  H <return>  for immediate help.
 ...                                              
                                                  
l.6 –ú–µ
        —Ç–æ–¥ –∏–º–∏—Ç–∞—Ü–∏–∏ –æ—Ç–∂–∏–≥–∞ –ø—Ä–µ–¥—Å—Ç–∞–≤–ª—è–µ—Ç —Å–æ–±...

You may provide a definition with
\DeclareUnicodeCharacter 


! Package inputenc Error: Unicode character —Ç (U+0442)
(inputenc)                not set up for use with LaTeX.

See the inputenc package documentation for explanation.
Type  H <return>  for immediate help.
 ...                                              
                                                  
l.6 –ú–µ—Ç
          –æ–¥ –∏–º–∏—Ç–∞—Ü–∏–∏ –æ—Ç–∂–∏–≥–∞ –ø—Ä–µ–¥—Å—Ç–∞–≤–ª—è–µ—Ç —Å–æ–±...

You may provide a definition with
\DeclareUnicodeCharacter 


! Package inputenc Error: Unicode character –æ (U+043E)
(inputenc)                not set up for use with LaTeX.

See the inputenc package documentation for explanation.
Type  H <return>  for immediate help.
 ...                                              
                                                  
l.6 –ú–µ—Ç–æ
            –¥ –∏–º–∏—Ç–∞—Ü–∏–∏ –æ—Ç–∂–∏–≥–∞ –ø—Ä–µ–¥—Å—Ç–∞–≤–ª—è–µ—Ç —Å–æ–±...

You may provide a definition with
\DeclareUnicodeCharacter 


! Package inputenc Error: Unicode character –¥ (U+0434)
(inputenc)                not set up for use with LaTeX.

See the inputenc package documentation for explanation.
Type  H <return>  for immediate help.
 ...                                              
                                                  
l.6 –ú–µ—Ç–æ–¥
               –∏–º–∏—Ç–∞—Ü–∏–∏ –æ—Ç–∂–∏–≥–∞ –ø—Ä–µ–¥—Å—Ç–∞–≤–ª—è–µ—Ç —Å–æ–±...

You may provide a definition with
\DeclareUnicodeCharacter 


! Package inputenc Error: Unicode character –∏ (U+0438)
(inputenc)                not set up for use with LaTeX.

See the inputenc package documentation for explanation.
Type  H <return>  for immediate help.
 ...                                              
                                                  
l.6 –ú–µ—Ç–æ–¥ –∏
                 –º–∏—Ç–∞—Ü–∏–∏ –æ—Ç–∂–∏–≥–∞ –ø—Ä–µ–¥—Å—Ç–∞–≤–ª—è–µ—Ç —Å–æ–±...

You may provide a definition with
\DeclareUnicodeCharacter 


! Package inputenc Error: Unicode character –º (U+043C)
(inputenc)                not set up for use with LaTeX.

See the inputenc package documentation for explanation.
Type  H <return>  for immediate help.
 ...                                              
                                                  
l.6 –ú–µ—Ç–æ–¥ –∏–º
                   –∏—Ç–∞—Ü–∏–∏ –æ—Ç–∂–∏–≥–∞ –ø—Ä–µ–¥—Å—Ç–∞–≤–ª—è–µ—Ç —Å–æ–±...

You may provide a definition with
\DeclareUnicodeCharacter 


! Package inputenc Error: Unicode character –∏ (U+0438)
(inputenc)                not set up for use with LaTeX.

See the inputenc package documentation for explanation.
Type  H <return>  for immediate help.
 ...                                              
                                                  
l.6 –ú–µ—Ç–æ–¥ –∏–º–∏
                     —Ç–∞—Ü–∏–∏ –æ—Ç–∂–∏–≥–∞ –ø—Ä–µ–¥—Å—Ç–∞–≤–ª—è–µ—Ç —Å–æ–±...

You may provide a definition with
\DeclareUnicodeCharacter 


! Package inputenc Error: Unicode character —Ç (U+0442)
(inputenc)                not set up for use with LaTeX.

See the inputenc package documentation for explanation.
Type  H <return>  for immediate help.
 ...                                              
                                                  
l.6 –ú–µ—Ç–æ–¥ –∏–º–∏—Ç
                       –∞—Ü–∏–∏ –æ—Ç–∂–∏–≥–∞ –ø—Ä–µ–¥—Å—Ç–∞–≤–ª—è–µ—Ç —Å–æ–±...

You may provide a definition with
\DeclareUnicodeCharacter 


! Package inputenc Error: Unicode character –∞ (U+0430)
(inputenc)                not set up for use with LaTeX.

See the inputenc package documentation for explanation.
Type  H <return>  for immediate help.
 ...                                              
                                                  
l.6 –ú–µ—Ç–æ–¥ –∏–º–∏—Ç–∞
                         —Ü–∏–∏ –æ—Ç–∂–∏–≥–∞ –ø—Ä–µ–¥—Å—Ç–∞–≤–ª—è–µ—Ç —Å–æ–±...

You may provide a definition with
\DeclareUnicodeCharacter 


! Package inputenc Error: Unicode character —Ü (U+0446)
(inputenc)                not set up for use with LaTeX.

See the inputenc package documentation for explanation.
Type  H <return>  for immediate help.
 ...                                              
                                                  
l.6 –ú–µ—Ç–æ–¥ –∏–º–∏—Ç–∞—Ü
                           –∏–∏ –æ—Ç–∂–∏–≥–∞ –ø—Ä–µ–¥—Å—Ç–∞–≤–ª—è–µ—Ç —Å–æ–±...

You may provide a definition with
\DeclareUnicodeCharacter 


! Package inputenc Error: Unicode character –∏ (U+0438)
(inputenc)                not set up for use with LaTeX.

See the inputenc package documentation for explanation.
Type  H <return>  for immediate help.
 ...                                              
                                                  
l.6 –ú–µ—Ç–æ–¥ –∏–º–∏—Ç–∞—Ü–∏
                             –∏ –æ—Ç–∂–∏–≥–∞ –ø—Ä–µ–¥—Å—Ç–∞–≤–ª—è–µ—Ç —Å–æ–±...

You may provide a definition with
\DeclareUnicodeCharacter 


! Package inputenc Error: Unicode character –∏ (U+0438)
(inputenc)                not set up for use with LaTeX.

See the inputenc package documentation for explanation.
Type  H <return>  for immediate help.
 ...                                              
                                                  
l.6 –ú–µ—Ç–æ–¥ –∏–º–∏—Ç–∞—Ü–∏–∏
                                –æ—Ç–∂–∏–≥–∞ –ø—Ä–µ–¥—Å—Ç–∞–≤–ª—è–µ—Ç —Å–æ–±...

You may provide a definition with
\DeclareUnicodeCharacter 


! Package inputenc Error: Unicode character –æ (U+043E)
(inputenc)                not set up for use with LaTeX.

See the inputenc package documentation for explanation.
Type  H <return>  for immediate help.
 ...                                              
                                                  
l.6 –ú–µ—Ç–æ–¥ –∏–º–∏—Ç–∞—Ü–∏–∏ –æ
                                  —Ç–∂–∏–≥–∞ –ø—Ä–µ–¥—Å—Ç–∞–≤–ª—è–µ—Ç —Å–æ–±...

You may provide a definition with
\DeclareUnicodeCharacter 


! Package inputenc Error: Unicode character —Ç (U+0442)
(inputenc)                not set up for use with LaTeX.

See the inputenc package documentation for explanation.
Type  H <return>  for immediate help.
 ...                                              
                                                  
l.6 –ú–µ—Ç–æ–¥ –∏–º–∏—Ç–∞—Ü–∏–∏ –æ—Ç
                                    –∂–∏–≥–∞ –ø—Ä–µ–¥—Å—Ç–∞–≤–ª—è–µ—Ç —Å–æ–±...

You may provide a definition with
\DeclareUnicodeCharacter 


! Package inputenc Error: Unicode character –∂ (U+0436)
(inputenc)                not set up for use with LaTeX.

See the inputenc package documentation for explanation.
Type  H <return>  for immediate help.
 ...                                              
                                                  
l.6 –ú–µ—Ç–æ–¥ –∏–º–∏—Ç–∞—Ü–∏–∏ –æ—Ç–∂
                                      –∏–≥–∞ –ø—Ä–µ–¥—Å—Ç–∞–≤–ª—è–µ—Ç —Å–æ–±...

You may provide a definition with
\DeclareUnicodeCharacter 


! Package inputenc Error: Unicode character –∏ (U+0438)
(inputenc)                not set up for use with LaTeX.

See the inputenc package documentation for explanation.
Type  H <return>  for immediate help.
 ...                                              
                                                  
l.6 –ú–µ—Ç–æ–¥ –∏–º–∏—Ç–∞—Ü–∏–∏ –æ—Ç–∂–∏
                                        –≥–∞ –ø—Ä–µ–¥—Å—Ç–∞–≤–ª—è–µ—Ç —Å–æ–±...

You may provide a definition with
\DeclareUnicodeCharacter 


! Package inputenc Error: Unicode character –≥ (U+0433)
(inputenc)                not set up for use with LaTeX.

See the inputenc package documentation for explanation.
Type  H <return>  for immediate help.
 ...                                              
                                                  
l.6 –ú–µ—Ç–æ–¥ –∏–º–∏—Ç–∞—Ü–∏–∏ –æ—Ç–∂–∏–≥
                                          –∞ –ø—Ä–µ–¥—Å—Ç–∞–≤–ª—è–µ—Ç —Å–æ–±...

You may provide a definition with
\DeclareUnicodeCharacter 


! Package inputenc Error: Unicode character –∞ (U+0430)
(inputenc)                not set up for use with LaTeX.

See the inputenc package documentation for explanation.
Type  H <return>  for immediate help.
 ...                                              
                                                  
l.6 –ú–µ—Ç–æ–¥ –∏–º–∏—Ç–∞—Ü–∏–∏ –æ—Ç–∂–∏–≥–∞
                                             –ø—Ä–µ–¥—Å—Ç–∞–≤–ª—è–µ—Ç —Å–æ–±...

You may provide a definition with
\DeclareUnicodeCharacter 


! Package inputenc Error: Unicode character –ø (U+043F)
(inputenc)                not set up for use with LaTeX.

See the inputenc package documentation for explanation.
Type  H <return>  for immediate help.
 ...                                              
                                                  
l.6 –ú–µ—Ç–æ–¥ –∏–º–∏—Ç–∞—Ü–∏–∏ –æ—Ç–∂–∏–≥–∞ –ø
                                               —Ä–µ–¥—Å—Ç–∞–≤–ª—è–µ—Ç —Å–æ–±...

You may provide a definition with
\DeclareUnicodeCharacter 


! Package inputenc Error: Unicode character —Ä (U+0440)
(inputenc)                not set up for use with LaTeX.

See the inputenc package documentation for explanation.
Type  H <return>  for immediate help.
 ...                                              
                                                  
l.6 –ú–µ—Ç–æ–¥ –∏–º–∏—Ç–∞—Ü–∏–∏ –æ—Ç–∂–∏–≥–∞ –ø—Ä
                                                 –µ–¥—Å—Ç–∞–≤–ª—è–µ—Ç —Å–æ–±...

You may provide a definition with
\DeclareUnicodeCharacter 


! Package inputenc Error: Unicode character –µ (U+0435)
(inputenc)                not set up for use with LaTeX.

See the inputenc package documentation for explanation.
Type  H <return>  for immediate help.
 ...                                              
                                                  
l.6 ...—Ç–æ–¥ –∏–º–∏—Ç–∞—Ü–∏–∏ –æ—Ç–∂–∏–≥–∞ –ø—Ä–µ
                                                  –¥—Å—Ç–∞–≤–ª—è–µ—Ç —Å–æ–±–...

You may provide a definition with
\DeclareUnicodeCharacter 


! Package inputenc Error: Unicode character –¥ (U+0434)
(inputenc)                not set up for use with LaTeX.

See the inputenc package documentation for explanation.
Type  H <return>  for immediate help.
 ...                                              
                                                  
l.6 ...–æ–¥ –∏–º–∏—Ç–∞—Ü–∏–∏ –æ—Ç–∂–∏–≥–∞ –ø—Ä–µ–¥
                                                  —Å—Ç–∞–≤–ª—è–µ—Ç —Å–æ–±–æ–...

You may provide a definition with
\DeclareUnicodeCharacter 


! Package inputenc Error: Unicode character —Å (U+0441)
(inputenc)                not set up for use with LaTeX.

See the inputenc package documentation for explanation.
Type  H <return>  for immediate help.
 ...                                              
                                                  
l.6 ...–¥ –∏–º–∏—Ç–∞—Ü–∏–∏ –æ—Ç–∂–∏–≥–∞ –ø—Ä–µ–¥—Å
                                                  —Ç–∞–≤–ª—è–µ—Ç —Å–æ–±–æ–π ...

You may provide a definition with
\DeclareUnicodeCharacter 


! Package inputenc Error: Unicode character —Ç (U+0442)
(inputenc)                not set up for use with LaTeX.

See the inputenc package documentation for explanation.
Type  H <return>  for immediate help.
 ...                                              
                                                  
l.6 ... –∏–º–∏—Ç–∞—Ü–∏–∏ –æ—Ç–∂–∏–≥–∞ –ø—Ä–µ–¥—Å—Ç
                                                  –∞–≤–ª—è–µ—Ç —Å–æ–±–æ–π –∞...

You may provide a definition with
\DeclareUnicodeCharacter 


! Package inputenc Error: Unicode character –∞ (U+0430)
(inputenc)                not set up for use with LaTeX.

See the inputenc package documentation for explanation.
Type  H <return>  for immediate help.
 ...                                              
                                                  
l.6 ...∏–º–∏—Ç–∞—Ü–∏–∏ –æ—Ç–∂–∏–≥–∞ –ø—Ä–µ–¥—Å—Ç–∞
                                                  –≤–ª—è–µ—Ç —Å–æ–±–æ–π –∞–ª...

You may provide a definition with
\DeclareUnicodeCharacter 


! Package inputenc Error: Unicode character –≤ (U+0432)
(inputenc)                not set up for use with LaTeX.

See the inputenc package documentation for explanation.
Type  H <return>  for immediate help.
 ...                                              
                                                  
l.6 ...º–∏—Ç–∞—Ü–∏–∏ –æ—Ç–∂–∏–≥–∞ –ø—Ä–µ–¥—Å—Ç–∞–≤
                                                  –ª—è–µ—Ç —Å–æ–±–æ–π –∞–ª–≥...

You may provide a definition with
\DeclareUnicodeCharacter 


! Package inputenc Error: Unicode character –ª (U+043B)
(inputenc)                not set up for use with LaTeX.

See the inputenc package documentation for explanation.
Type  H <return>  for immediate help.
 ...                                              
                                                  
l.6 ...∏—Ç–∞—Ü–∏–∏ –æ—Ç–∂–∏–≥–∞ –ø—Ä–µ–¥—Å—Ç–∞–≤–ª
                                                  —è–µ—Ç —Å–æ–±–æ–π –∞–ª–≥–æ...

You may provide a definition with
\DeclareUnicodeCharacter 


! Package inputenc Error: Unicode character —è (U+044F)
(inputenc)                not set up for use with LaTeX.

See the inputenc package documentation for explanation.
Type  H <return>  for immediate help.
 ...                                              
                                                  
l.6 ...Ç–∞—Ü–∏–∏ –æ—Ç–∂–∏–≥–∞ –ø—Ä–µ–¥—Å—Ç–∞–≤–ª—è
                                                  –µ—Ç —Å–æ–±–æ–π –∞–ª–≥–æ—Ä...

You may provide a definition with
\DeclareUnicodeCharacter 


! Package inputenc Error: Unicode character –µ (U+0435)
(inputenc)                not set up for use with LaTeX.

See the inputenc package documentation for explanation.
Type  H <return>  for immediate help.
 ...                                              
                                                  
l.6 ...∞—Ü–∏–∏ –æ—Ç–∂–∏–≥–∞ –ø—Ä–µ–¥—Å—Ç–∞–≤–ª—è–µ
                                                  —Ç —Å–æ–±–æ–π –∞–ª–≥–æ—Ä–∏...

You may provide a definition with
\DeclareUnicodeCharacter 


! Package inputenc Error: Unicode character —Ç (U+0442)
(inputenc)                not set up for use with LaTeX.

See the inputenc package documentation for explanation.
Type  H <return>  for immediate help.
 ...                                              
                                                  
l.6 ...Ü–∏–∏ –æ—Ç–∂–∏–≥–∞ –ø—Ä–µ–¥—Å—Ç–∞–≤–ª—è–µ—Ç
                                                   —Å–æ–±–æ–π –∞–ª–≥–æ—Ä–∏—Ç...

You may provide a definition with
\DeclareUnicodeCharacter 


! Package inputenc Error: Unicode character —Å (U+0441)
(inputenc)                not set up for use with LaTeX.

See the inputenc package documentation for explanation.
Type  H <return>  for immediate help.
 ...                                              
                                                  
l.6 ...–∏ –æ—Ç–∂–∏–≥–∞ –ø—Ä–µ–¥—Å—Ç–∞–≤–ª—è–µ—Ç —Å
                                                  –æ–±–æ–π –∞–ª–≥–æ—Ä–∏—Ç–º ...

You may provide a definition with
\DeclareUnicodeCharacter 


! Package inputenc Error: Unicode character –æ (U+043E)
(inputenc)                not set up for use with LaTeX.

See the inputenc package documentation for explanation.
Type  H <return>  for immediate help.
 ...                                              
                                                  
l.6 ... –æ—Ç–∂–∏–≥–∞ –ø—Ä–µ–¥—Å—Ç–∞–≤–ª—è–µ—Ç —Å–æ
                                                  –±–æ–π –∞–ª–≥–æ—Ä–∏—Ç–º —Ä...

You may provide a definition with
\DeclareUnicodeCharacter 


! Package inputenc Error: Unicode character –± (U+0431)
(inputenc)                not set up for use with LaTeX.

See the inputenc package documentation for explanation.
Type  H <return>  for immediate help.
 ...                                              
                                                  
l.6 ...æ—Ç–∂–∏–≥–∞ –ø—Ä–µ–¥—Å—Ç–∞–≤–ª—è–µ—Ç —Å–æ–±
                                                  –æ–π –∞–ª–≥–æ—Ä–∏—Ç–º —Ä–µ...

You may provide a definition with
\DeclareUnicodeCharacter 


! Package inputenc Error: Unicode character –æ (U+043E)
(inputenc)                not set up for use with LaTeX.

See the inputenc package documentation for explanation.
Type  H <return>  for immediate help.
 ...                                              
                                                  
l.6 ...Ç–∂–∏–≥–∞ –ø—Ä–µ–¥—Å—Ç–∞–≤–ª—è–µ—Ç —Å–æ–±–æ
                                                  –π –∞–ª–≥–æ—Ä–∏—Ç–º —Ä–µ—à...

You may provide a definition with
\DeclareUnicodeCharacter 


! Package inputenc Error: Unicode character –π (U+0439)
(inputenc)                not set up for use with LaTeX.

See the inputenc package documentation for explanation.
Type  H <return>  for immediate help.
 ...                                              
                                                  
l.6 ...∂–∏–≥–∞ –ø—Ä–µ–¥—Å—Ç–∞–≤–ª—è–µ—Ç —Å–æ–±–æ–π
                                                   –∞–ª–≥–æ—Ä–∏—Ç–º —Ä–µ—à–µ...

You may provide a definition with
\DeclareUnicodeCharacter 


! Package inputenc Error: Unicode character –∞ (U+0430)
(inputenc)                not set up for use with LaTeX.

See the inputenc package documentation for explanation.
Type  H <return>  for immediate help.
 ...                                              
                                                  
l.6 ...–≥–∞ –ø—Ä–µ–¥—Å—Ç–∞–≤–ª—è–µ—Ç —Å–æ–±–æ–π –∞
                                                  –ª–≥–æ—Ä–∏—Ç–º —Ä–µ—à–µ–Ω–...

You may provide a definition with
\DeclareUnicodeCharacter 


! Package inputenc Error: Unicode character –ª (U+043B)
(inputenc)                not set up for use with LaTeX.

See the inputenc package documentation for explanation.
Type  H <return>  for immediate help.
 ...                                              
                                                  
l.6 ...–∞ –ø—Ä–µ–¥—Å—Ç–∞–≤–ª—è–µ—Ç —Å–æ–±–æ–π –∞–ª
                                                  –≥–æ—Ä–∏—Ç–º —Ä–µ—à–µ–Ω–∏—...

You may provide a definition with
\DeclareUnicodeCharacter 


! Package inputenc Error: Unicode character –≥ (U+0433)
(inputenc)                not set up for use with LaTeX.

See the inputenc package documentation for explanation.
Type  H <return>  for immediate help.
 ...                                              
                                                  
l.6 ... –ø—Ä–µ–¥—Å—Ç–∞–≤–ª—è–µ—Ç —Å–æ–±–æ–π –∞–ª–≥
                                                  –æ—Ä–∏—Ç–º —Ä–µ—à–µ–Ω–∏—è ...

You may provide a definition with
\DeclareUnicodeCharacter 


! Package inputenc Error: Unicode character –æ (U+043E)
(inputenc)                not set up for use with LaTeX.

See the inputenc package documentation for explanation.
Type  H <return>  for immediate help.
 ...                                              
                                                  
l.6 ...ø—Ä–µ–¥—Å—Ç–∞–≤–ª—è–µ—Ç —Å–æ–±–æ–π –∞–ª–≥–æ
                                                  —Ä–∏—Ç–º —Ä–µ—à–µ–Ω–∏—è –∑...

You may provide a definition with
\DeclareUnicodeCharacter 


! Package inputenc Error: Unicode character —Ä (U+0440)
(inputenc)                not set up for use with LaTeX.

See the inputenc package documentation for explanation.
Type  H <return>  for immediate help.
 ...                                              
                                                  
l.6 ...Ä–µ–¥—Å—Ç–∞–≤–ª—è–µ—Ç —Å–æ–±–æ–π –∞–ª–≥–æ—Ä
                                                  –∏—Ç–º —Ä–µ—à–µ–Ω–∏—è –∑–∞...

You may provide a definition with
\DeclareUnicodeCharacter 


! Package inputenc Error: Unicode character –∏ (U+0438)
(inputenc)                not set up for use with LaTeX.

See the inputenc package documentation for explanation.
Type  H <return>  for immediate help.
 ...                                              
                                                  
l.6 ...µ–¥—Å—Ç–∞–≤–ª—è–µ—Ç —Å–æ–±–æ–π –∞–ª–≥–æ—Ä–∏
                                                  —Ç–º —Ä–µ—à–µ–Ω–∏—è –∑–∞–¥...

You may provide a definition with
\DeclareUnicodeCharacter 


! Package inputenc Error: Unicode character —Ç (U+0442)
(inputenc)                not set up for use with LaTeX.

See the inputenc package documentation for explanation.
Type  H <return>  for immediate help.
 ...                                              
                                                  
l.6 ...¥—Å—Ç–∞–≤–ª—è–µ—Ç —Å–æ–±–æ–π –∞–ª–≥–æ—Ä–∏—Ç
                                                  –º —Ä–µ—à–µ–Ω–∏—è –∑–∞–¥–∞...

You may provide a definition with
\DeclareUnicodeCharacter 


! Package inputenc Error: Unicode character –º (U+043C)
(inputenc)                not set up for use with LaTeX.

See the inputenc package documentation for explanation.
Type  H <return>  for immediate help.
 ...                                              
                                                  
l.6 ...Å—Ç–∞–≤–ª—è–µ—Ç —Å–æ–±–æ–π –∞–ª–≥–æ—Ä–∏—Ç–º
                                                   —Ä–µ—à–µ–Ω–∏—è –∑–∞–¥–∞—á...

You may provide a definition with
\DeclareUnicodeCharacter 


! Package inputenc Error: Unicode character —Ä (U+0440)
(inputenc)                not set up for use with LaTeX.

See the inputenc package documentation for explanation.
Type  H <return>  for immediate help.
 ...                                              
                                                  
l.6 ...–∞–≤–ª—è–µ—Ç —Å–æ–±–æ–π –∞–ª–≥–æ—Ä–∏—Ç–º —Ä
                                                  –µ—à–µ–Ω–∏—è –∑–∞–¥–∞—á–∏ ...

You may provide a definition with
\DeclareUnicodeCharacter 


! Package inputenc Error: Unicode character –µ (U+0435)
(inputenc)                not set up for use with LaTeX.

See the inputenc package documentation for explanation.
Type  H <return>  for immediate help.
 ...                                              
                                                  
l.6 ...–≤–ª—è–µ—Ç —Å–æ–±–æ–π –∞–ª–≥–æ—Ä–∏—Ç–º —Ä–µ
                                                  —à–µ–Ω–∏—è –∑–∞–¥–∞—á–∏ –ø...

You may provide a definition with
\DeclareUnicodeCharacter 


! Package inputenc Error: Unicode character —à (U+0448)
(inputenc)                not set up for use with LaTeX.

See the inputenc package documentation for explanation.
Type  H <return>  for immediate help.
 ...                                              
                                                  
l.6 ...–ª—è–µ—Ç —Å–æ–±–æ–π –∞–ª–≥–æ—Ä–∏—Ç–º —Ä–µ—à
                                                  –µ–Ω–∏—è –∑–∞–¥–∞—á–∏ –ø–æ...

You may provide a definition with
\DeclareUnicodeCharacter 


! Package inputenc Error: Unicode character –µ (U+0435)
(inputenc)                not set up for use with LaTeX.

See the inputenc package documentation for explanation.
Type  H <return>  for immediate help.
 ...                                              
                                                  
l.6 ...—è–µ—Ç —Å–æ–±–æ–π –∞–ª–≥–æ—Ä–∏—Ç–º —Ä–µ—à–µ
                                                  –Ω–∏—è –∑–∞–¥–∞—á–∏ –ø–æ –...

You may provide a definition with
\DeclareUnicodeCharacter 


! Package inputenc Error: Unicode character –Ω (U+043D)
(inputenc)                not set up for use with LaTeX.

See the inputenc package documentation for explanation.
Type  H <return>  for immediate help.
 ...                                              
                                                  
l.6 ...–µ—Ç —Å–æ–±–æ–π –∞–ª–≥–æ—Ä–∏—Ç–º —Ä–µ—à–µ–Ω
                                                  –∏—è –∑–∞–¥–∞—á–∏ –ø–æ –ø–...

You may provide a definition with
\DeclareUnicodeCharacter 


! Package inputenc Error: Unicode character –∏ (U+0438)
(inputenc)                not set up for use with LaTeX.

See the inputenc package documentation for explanation.
Type  H <return>  for immediate help.
 ...                                              
                                                  
l.6 ...—Ç —Å–æ–±–æ–π –∞–ª–≥–æ—Ä–∏—Ç–º —Ä–µ—à–µ–Ω–∏
                                                  —è –∑–∞–¥–∞—á–∏ –ø–æ –ø–æ–...

You may provide a definition with
\DeclareUnicodeCharacter 


! Package inputenc Error: Unicode character —è (U+044F)
(inputenc)                not set up for use with LaTeX.

See the inputenc package documentation for explanation.
Type  H <return>  for immediate help.
 ...                                              
                                                  
l.6 ... —Å–æ–±–æ–π –∞–ª–≥–æ—Ä–∏—Ç–º —Ä–µ—à–µ–Ω–∏—è
                                                   –∑–∞–¥–∞—á–∏ –ø–æ –ø–æ–∏—...

You may provide a definition with
\DeclareUnicodeCharacter 


! Package inputenc Error: Unicode character –∑ (U+0437)
(inputenc)                not set up for use with LaTeX.

See the inputenc package documentation for explanation.
Type  H <return>  for immediate help.
 ...                                              
                                                  
l.6 ...–æ–±–æ–π –∞–ª–≥–æ—Ä–∏—Ç–º —Ä–µ—à–µ–Ω–∏—è –∑
                                                  –∞–¥–∞—á–∏ –ø–æ –ø–æ–∏—Å–∫...

You may provide a definition with
\DeclareUnicodeCharacter 


! Package inputenc Error: Unicode character –∞ (U+0430)
(inputenc)                not set up for use with LaTeX.

See the inputenc package documentation for explanation.
Type  H <return>  for immediate help.
 ...                                              
                                                  
l.6 ...–±–æ–π –∞–ª–≥–æ—Ä–∏—Ç–º —Ä–µ—à–µ–Ω–∏—è –∑–∞
                                                  –¥–∞—á–∏ –ø–æ –ø–æ–∏—Å–∫—É...
(That makes 100 errors; please try again.) 
Here is how much of TeX's memory you used:
 35 strings out of 492162
 478 string characters out of 6125292
 59777 words of memory out of 5000000
 4501 multiletter control sequences out of 15000+600000
 3948 words of font info for 15 fonts, out of 8000000 for 9000
 1141 hyphenation exceptions out of 8191
 13i,1n,11p,279b,66s stack positions out of 5000i,500n,10000p,200000b,80000s

!  ==> Fatal error occurred, no output PDF file produced!
