\BOOKMARK [0][-]{chapter.1}{\376\377\004\022\004\062\004\065\004\064\004\065\004\075\004\070\004\065}{}% 1
\BOOKMARK [0][-]{chapter.2}{\376\377\004\034\004\065\004\102\004\076\004\064\004\113\000\040\004\070\000\040\004\070\004\105\000\040\004\077\004\100\004\070\004\074\004\065\004\075\004\065\004\075\004\070\004\065}{}% 2
\BOOKMARK [1][-]{section.2.1}{\376\377\004\030\004\074\004\070\004\102\004\060\004\106\004\070\004\117\000\040\004\076\004\102\004\066\004\070\004\063\004\060}{chapter.2}% 3
\BOOKMARK [2][-]{subsection.2.1.1}{\376\377\004\020\004\073\004\063\004\076\004\100\004\070\004\102\004\074}{section.2.1}% 4
\BOOKMARK [2][-]{subsection.2.1.2}{\376\377\000N\000\040\004\104\004\065\004\100\004\067\004\065\004\071}{section.2.1}% 5
\BOOKMARK [2][-]{subsection.2.1.3}{\376\377\004\034\004\070\004\075\004\070\004\074\004\070\004\067\004\060\004\106\004\070\004\117\000\040\004\075\004\065\004\063\004\073\004\060\004\064\004\072\004\076\004\071\000\040\004\104\004\103\004\075\004\072\004\106\004\070\004\070}{section.2.1}% 6
\BOOKMARK [2][-]{subsection.2.1.4}{\376\377\004\027\004\060\004\064\004\060\004\107\004\060\000\040\004\072\004\076\004\074\004\074\004\070\004\062\004\076\004\117\004\066\004\065\004\100\004\060}{section.2.1}% 7
\BOOKMARK [2][-]{subsection.2.1.5}{\376\377\004\022\004\113\004\062\004\076\004\064}{section.2.1}% 8
\BOOKMARK [1][-]{section.2.2}{\376\377\004\036\004\064\004\070\004\075\004\076\004\107\004\075\004\076\004\065\000\040\004\070\004\067\004\076\004\061\004\100\004\060\004\066\004\065\004\075\004\070\004\065}{chapter.2}% 9
\BOOKMARK [1][-]{section.2.3}{\376\377\004\024\004\073\004\070\004\075\004\075\004\076\004\065\000\040\004\075\004\060\004\067\004\062\004\060\004\075\004\070\004\065\000\040\004\077\004\060\004\100\004\060\004\063\004\100\004\060\004\104\004\060\000,\000\040\004\062\000\040\004\072\004\076\004\102\004\076\004\100\004\076\004\074\000\040\004\074\004\113\000\040\004\103\004\067\004\075\004\060\004\121\004\074\000\040\004\072\004\060\004\072\000\040\004\101\004\064\004\065\004\073\004\060\004\102\004\114\000\040\004\064\004\062\004\065\000\040\004\072\004\060\004\100\004\102\004\070\004\075\004\072\004\070\000\040\004\101\000\040\004\076\004\061\004\111\004\070\004\074\000\040\004\075\004\076\004\074\004\065\004\100\004\076\004\074\000\040\004\070\000\040\004\075\004\060\004\067\004\062\004\060\004\075\004\070\004\065\004\074}{chapter.2}% 10
\BOOKMARK [1][-]{section.2.4}{\376\377\004\037\004\100\004\070\004\074\004\065\004\100\000\040\004\062\004\121\004\100\004\101\004\102\004\072\004\070\000\040\004\101\004\077\004\070\004\101\004\072\004\076\004\062}{chapter.2}% 11
\BOOKMARK [1][-]{section.2.5}{\376\377\004\042\004\100\004\060\004\064\004\070\004\106\004\070\004\070\000\040\004\100\004\103\004\101\004\101\004\072\004\076\004\063\004\076\000\040\004\075\004\060\004\061\004\076\004\100\004\060}{chapter.2}% 12
\BOOKMARK [2][-]{subsection.2.5.1}{\376\377\004\037\004\100\004\076\004\061\004\065\004\073\004\113}{section.2.5}% 13
\BOOKMARK [2][-]{subsection.2.5.2}{\376\377\004\034\004\060\004\102\004\065\004\074\004\060\004\102\004\070\004\107\004\065\004\101\004\072\004\070\004\065\000\040\004\067\004\075\004\060\004\072\004\070\000\040\004\070\000\040\004\101\004\070\004\074\004\062\004\076\004\073\004\113}{section.2.5}% 14
\BOOKMARK [2][-]{subsection.2.5.3}{\376\377\004\032\004\060\004\062\004\113\004\107\004\072\004\070}{section.2.5}% 15
\BOOKMARK [2][-]{subsection.2.5.4}{\376\377\004\042\004\070\004\100\004\065}{section.2.5}% 16
\BOOKMARK [2][-]{subsection.2.5.5}{\376\377\004\024\004\065\004\104\004\070\004\101\004\113\000\040\004\070\000\040\004\077\004\065\004\100\004\065\004\075\004\076\004\101\004\113\000\040\004\101\004\073\004\076\004\062}{section.2.5}% 17
\BOOKMARK [1][-]{section.2.6}{\376\377\004\042\004\065\004\072\004\101\004\102\000\040\004\070\004\067\000\040\004\077\004\060\004\075\004\063\004\100\004\060\004\074\004\074\000\040\004\070\000\040\004\104\004\076\004\100\004\074\004\103\004\073}{chapter.2}% 18
\BOOKMARK [0][-]{chapter*.2}{\376\377\004\027\004\060\004\072\004\073\004\116\004\107\004\065\004\075\004\070\004\065}{}% 19
\BOOKMARK [0][-]{chapter*.3}{\376\377\004\041\004\077\004\070\004\101\004\076\004\072\000\040\004\073\004\070\004\102\004\065\004\100\004\060\004\102\004\103\004\100\004\113}{}% 20
